<?xml version="1.0" encoding="UTF-8" standalone="yes"?><!DOCTYPE report PUBLIC "-//JACOCO//DTD Report 1.1//EN" "report.dtd"><report name="searchplans"><sessioninfo id="M223318ASHTDD-b69ab6f" start="1551226264326" dump="1551226271749"/><package name="com/personalcapital/searchplans/exception"><class name="com/personalcapital/searchplans/exception/ErrorCodes" sourcefilename="ErrorCodes.java"><method name="&lt;init&gt;" desc="()V" line="7"><counter type="INSTRUCTION" missed="3" covered="0"/><counter type="LINE" missed="1" covered="0"/><counter type="COMPLEXITY" missed="1" covered="0"/><counter type="METHOD" missed="1" covered="0"/></method><counter type="INSTRUCTION" missed="3" covered="0"/><counter type="LINE" missed="1" covered="0"/><counter type="COMPLEXITY" missed="1" covered="0"/><counter type="METHOD" missed="1" covered="0"/><counter type="CLASS" missed="1" covered="0"/></class><class name="com/personalcapital/searchplans/exception/ErrorInfo" sourcefilename="ErrorInfo.java"><method name="&lt;init&gt;" desc="(Ljava/lang/StringBuffer;ILjava/lang/Exception;)V" line="22"><counter type="INSTRUCTION" missed="14" covered="0"/><counter type="LINE" missed="5" covered="0"/><counter type="COMPLEXITY" missed="1" covered="0"/><counter type="METHOD" missed="1" covered="0"/></method><counter type="INSTRUCTION" missed="14" covered="0"/><counter type="LINE" missed="5" covered="0"/><counter type="COMPLEXITY" missed="1" covered="0"/><counter type="METHOD" missed="1" covered="0"/><counter type="CLASS" missed="1" covered="0"/></class><class name="com/personalcapital/searchplans/exception/GlobalExceptionHandler" sourcefilename="GlobalExceptionHandler.java"><method name="&lt;init&gt;" desc="()V" line="24"><counter type="INSTRUCTION" missed="0" covered="3"/><counter type="LINE" missed="0" covered="1"/><counter type="COMPLEXITY" missed="0" covered="1"/><counter type="METHOD" missed="0" covered="1"/></method><method name="handleException" desc="(Ljavax/servlet/http/HttpServletRequest;Lcom/personalcapital/searchplans/exception/ApiException;)Lcom/personalcapital/searchplans/exception/ErrorInfo;" line="37"><counter type="INSTRUCTION" missed="19" covered="0"/><counter type="LINE" missed="2" covered="0"/><counter type="COMPLEXITY" missed="1" covered="0"/><counter type="METHOD" missed="1" covered="0"/></method><method name="handleException" desc="(Ljavax/servlet/http/HttpServletRequest;Lorg/apache/http/client/ClientProtocolException;)Lcom/personalcapital/searchplans/exception/ErrorInfo;" line="50"><counter type="INSTRUCTION" missed="18" covered="0"/><counter type="LINE" missed="2" covered="0"/><counter type="COMPLEXITY" missed="1" covered="0"/><counter type="METHOD" missed="1" covered="0"/></method><method name="handleException" desc="(Ljavax/servlet/http/HttpServletRequest;Ljava/io/IOException;)Lcom/personalcapital/searchplans/exception/ErrorInfo;" line="63"><counter type="INSTRUCTION" missed="18" covered="0"/><counter type="LINE" missed="2" covered="0"/><counter type="COMPLEXITY" missed="1" covered="0"/><counter type="METHOD" missed="1" covered="0"/></method><method name="handleException" desc="(Ljavax/servlet/http/HttpServletRequest;Lcom/google/gson/JsonSyntaxException;)Lcom/personalcapital/searchplans/exception/ErrorInfo;" line="76"><counter type="INSTRUCTION" missed="18" covered="0"/><counter type="LINE" missed="2" covered="0"/><counter type="COMPLEXITY" missed="1" covered="0"/><counter type="METHOD" missed="1" covered="0"/></method><method name="handleException" desc="(Ljavax/servlet/http/HttpServletRequest;Lcom/google/gson/JsonIOException;)Lcom/personalcapital/searchplans/exception/ErrorInfo;" line="89"><counter type="INSTRUCTION" missed="18" covered="0"/><counter type="LINE" missed="2" covered="0"/><counter type="COMPLEXITY" missed="1" covered="0"/><counter type="METHOD" missed="1" covered="0"/></method><method name="handleException" desc="(Ljavax/servlet/http/HttpServletRequest;Lcom/google/gson/JsonParseException;)Lcom/personalcapital/searchplans/exception/ErrorInfo;" line="102"><counter type="INSTRUCTION" missed="18" covered="0"/><counter type="LINE" missed="2" covered="0"/><counter type="COMPLEXITY" missed="1" covered="0"/><counter type="METHOD" missed="1" covered="0"/></method><method name="handleException" desc="(Ljavax/servlet/http/HttpServletRequest;Ljava/lang/Exception;)Lcom/personalcapital/searchplans/exception/ErrorInfo;" line="115"><counter type="INSTRUCTION" missed="18" covered="0"/><counter type="LINE" missed="2" covered="0"/><counter type="COMPLEXITY" missed="1" covered="0"/><counter type="METHOD" missed="1" covered="0"/></method><method name="&lt;clinit&gt;" desc="()V" line="26"><counter type="INSTRUCTION" missed="0" covered="4"/><counter type="LINE" missed="0" covered="1"/><counter type="COMPLEXITY" missed="0" covered="1"/><counter type="METHOD" missed="0" covered="1"/></method><counter type="INSTRUCTION" missed="127" covered="7"/><counter type="LINE" missed="14" covered="2"/><counter type="COMPLEXITY" missed="7" covered="2"/><counter type="METHOD" missed="7" covered="2"/><counter type="CLASS" missed="0" covered="1"/></class><class name="com/personalcapital/searchplans/exception/ApiException" sourcefilename="ApiException.java"><method name="&lt;init&gt;" desc="(ILjava/lang/String;)V" line="16"><counter type="INSTRUCTION" missed="0" covered="7"/><counter type="LINE" missed="0" covered="3"/><counter type="COMPLEXITY" missed="0" covered="1"/><counter type="METHOD" missed="0" covered="1"/></method><method name="getCode" desc="()I" line="24"><counter type="INSTRUCTION" missed="0" covered="3"/><counter type="LINE" missed="0" covered="1"/><counter type="COMPLEXITY" missed="0" covered="1"/><counter type="METHOD" missed="0" covered="1"/></method><counter type="INSTRUCTION" missed="0" covered="10"/><counter type="LINE" missed="0" covered="4"/><counter type="COMPLEXITY" missed="0" covered="2"/><counter type="METHOD" missed="0" covered="2"/><counter type="CLASS" missed="0" covered="1"/></class><sourcefile name="ApiException.java"><line nr="16" mi="0" ci="3" mb="0" cb="0"/><line nr="17" mi="0" ci="3" mb="0" cb="0"/><line nr="18" mi="0" ci="1" mb="0" cb="0"/><line nr="24" mi="0" ci="3" mb="0" cb="0"/><counter type="INSTRUCTION" missed="0" covered="10"/><counter type="LINE" missed="0" covered="4"/><counter type="COMPLEXITY" missed="0" covered="2"/><counter type="METHOD" missed="0" covered="2"/><counter type="CLASS" missed="0" covered="1"/></sourcefile><sourcefile name="ErrorCodes.java"><line nr="7" mi="3" ci="0" mb="0" cb="0"/><counter type="INSTRUCTION" missed="3" covered="0"/><counter type="LINE" missed="1" covered="0"/><counter type="COMPLEXITY" missed="1" covered="0"/><counter type="METHOD" missed="1" covered="0"/><counter type="CLASS" missed="1" covered="0"/></sourcefile><sourcefile name="ErrorInfo.java"><line nr="22" mi="2" ci="0" mb="0" cb="0"/><line nr="23" mi="4" ci="0" mb="0" cb="0"/><line nr="24" mi="3" ci="0" mb="0" cb="0"/><line nr="25" mi="4" ci="0" mb="0" cb="0"/><line nr="26" mi="1" ci="0" mb="0" cb="0"/><counter type="INSTRUCTION" missed="14" covered="0"/><counter type="LINE" missed="5" covered="0"/><counter type="COMPLEXITY" missed="1" covered="0"/><counter type="METHOD" missed="1" covered="0"/><counter type="CLASS" missed="1" covered="0"/></sourcefile><sourcefile name="GlobalExceptionHandler.java"><line nr="24" mi="0" ci="3" mb="0" cb="0"/><line nr="26" mi="0" ci="4" mb="0" cb="0"/><line nr="37" mi="6" ci="0" mb="0" cb="0"/><line nr="38" mi="13" ci="0" mb="0" cb="0"/><line nr="50" mi="6" ci="0" mb="0" cb="0"/><line nr="51" mi="12" ci="0" mb="0" cb="0"/><line nr="63" mi="6" ci="0" mb="0" cb="0"/><line nr="64" mi="12" ci="0" mb="0" cb="0"/><line nr="76" mi="6" ci="0" mb="0" cb="0"/><line nr="77" mi="12" ci="0" mb="0" cb="0"/><line nr="89" mi="6" ci="0" mb="0" cb="0"/><line nr="90" mi="12" ci="0" mb="0" cb="0"/><line nr="102" mi="6" ci="0" mb="0" cb="0"/><line nr="103" mi="12" ci="0" mb="0" cb="0"/><line nr="115" mi="6" ci="0" mb="0" cb="0"/><line nr="116" mi="12" ci="0" mb="0" cb="0"/><counter type="INSTRUCTION" missed="127" covered="7"/><counter type="LINE" missed="14" covered="2"/><counter type="COMPLEXITY" missed="7" covered="2"/><counter type="METHOD" missed="7" covered="2"/><counter type="CLASS" missed="0" covered="1"/></sourcefile><counter type="INSTRUCTION" missed="144" covered="17"/><counter type="LINE" missed="20" covered="6"/><counter type="COMPLEXITY" missed="9" covered="4"/><counter type="METHOD" missed="9" covered="4"/><counter type="CLASS" missed="2" covered="2"/></package><package name="com/personalcapital/searchplans/controller"><class name="com/personalcapital/searchplans/controller/SearchApiController" sourcefilename="SearchApiController.java"><method name="&lt;init&gt;" desc="()V" line="27"><counter type="INSTRUCTION" missed="0" covered="3"/><counter type="LINE" missed="0" covered="1"/><counter type="COMPLEXITY" missed="0" covered="1"/><counter type="METHOD" missed="0" covered="1"/></method><method name="searchPlans" desc="(Ljava/lang/String;)Lorg/springframework/http/ResponseEntity;" line="42"><counter type="INSTRUCTION" missed="58" covered="0"/><counter type="BRANCH" missed="6" covered="0"/><counter type="LINE" missed="12" covered="0"/><counter type="COMPLEXITY" missed="4" covered="0"/><counter type="METHOD" missed="1" covered="0"/></method><method name="getQueryParameters" desc="(Ljava/lang/String;)Ljava/util/Map;" line="66"><counter type="INSTRUCTION" missed="16" covered="0"/><counter type="LINE" missed="5" covered="0"/><counter type="COMPLEXITY" missed="1" covered="0"/><counter type="METHOD" missed="1" covered="0"/></method><method name="validateQueryParameters" desc="(Ljava/util/Map;)V" line="81"><counter type="INSTRUCTION" missed="79" covered="0"/><counter type="BRANCH" missed="20" covered="0"/><counter type="LINE" missed="13" covered="0"/><counter type="COMPLEXITY" missed="11" covered="0"/><counter type="METHOD" missed="1" covered="0"/></method><method name="lambda$getQueryParameters$3" desc="([Ljava/lang/String;)Ljava/lang/String;" line="71"><counter type="INSTRUCTION" missed="4" covered="0"/><counter type="LINE" missed="1" covered="0"/><counter type="COMPLEXITY" missed="1" covered="0"/><counter type="METHOD" missed="1" covered="0"/></method><method name="lambda$getQueryParameters$2" desc="([Ljava/lang/String;)Ljava/lang/String;" line="70"><counter type="INSTRUCTION" missed="4" covered="0"/><counter type="LINE" missed="1" covered="0"/><counter type="COMPLEXITY" missed="1" covered="0"/><counter type="METHOD" missed="1" covered="0"/></method><method name="lambda$getQueryParameters$1" desc="([Ljava/lang/String;)Z" line="68"><counter type="INSTRUCTION" missed="8" covered="0"/><counter type="BRANCH" missed="2" covered="0"/><counter type="LINE" missed="1" covered="0"/><counter type="COMPLEXITY" missed="2" covered="0"/><counter type="METHOD" missed="1" covered="0"/></method><method name="lambda$getQueryParameters$0" desc="(Ljava/lang/String;)[Ljava/lang/String;" line="67"><counter type="INSTRUCTION" missed="4" covered="0"/><counter type="LINE" missed="1" covered="0"/><counter type="COMPLEXITY" missed="1" covered="0"/><counter type="METHOD" missed="1" covered="0"/></method><method name="&lt;clinit&gt;" desc="()V" line="29"><counter type="INSTRUCTION" missed="0" covered="4"/><counter type="LINE" missed="0" covered="1"/><counter type="COMPLEXITY" missed="0" covered="1"/><counter type="METHOD" missed="0" covered="1"/></method><counter type="INSTRUCTION" missed="173" covered="7"/><counter type="BRANCH" missed="28" covered="0"/><counter type="LINE" missed="32" covered="2"/><counter type="COMPLEXITY" missed="21" covered="2"/><counter type="METHOD" missed="7" covered="2"/><counter type="CLASS" missed="0" covered="1"/></class><sourcefile name="SearchApiController.java"><line nr="27" mi="0" ci="3" mb="0" cb="0"/><line nr="29" mi="0" ci="4" mb="0" cb="0"/><line nr="42" mi="4" ci="0" mb="0" cb="0"/><line nr="43" mi="3" ci="0" mb="2" cb="0"/><line nr="44" mi="10" ci="0" mb="0" cb="0"/><line nr="46" mi="3" ci="0" mb="2" cb="0"/><line nr="47" mi="4" ci="0" mb="0" cb="0"/><line nr="48" mi="3" ci="0" mb="2" cb="0"/><line nr="49" mi="10" ci="0" mb="0" cb="0"/><line nr="52" mi="3" ci="0" mb="0" cb="0"/><line nr="54" mi="5" ci="0" mb="0" cb="0"/><line nr="55" mi="1" ci="0" mb="0" cb="0"/><line nr="56" mi="6" ci="0" mb="0" cb="0"/><line nr="58" mi="6" ci="0" mb="0" cb="0"/><line nr="66" mi="5" ci="0" mb="0" cb="0"/><line nr="67" mi="6" ci="0" mb="0" cb="0"/><line nr="68" mi="11" ci="0" mb="2" cb="0"/><line nr="69" mi="4" ci="0" mb="0" cb="0"/><line nr="70" mi="4" ci="0" mb="0" cb="0"/><line nr="71" mi="4" ci="0" mb="0" cb="0"/><line nr="73" mi="2" ci="0" mb="0" cb="0"/><line nr="81" mi="3" ci="0" mb="2" cb="0"/><line nr="82" mi="6" ci="0" mb="0" cb="0"/><line nr="84" mi="6" ci="0" mb="2" cb="0"/><line nr="85" mi="4" ci="0" mb="2" cb="0"/><line nr="86" mi="2" ci="0" mb="2" cb="0"/><line nr="87" mi="6" ci="0" mb="0" cb="0"/><line nr="89" mi="11" ci="0" mb="4" cb="0"/><line nr="90" mi="6" ci="0" mb="0" cb="0"/><line nr="92" mi="11" ci="0" mb="4" cb="0"/><line nr="93" mi="6" ci="0" mb="0" cb="0"/><line nr="95" mi="11" ci="0" mb="4" cb="0"/><line nr="96" mi="6" ci="0" mb="0" cb="0"/><line nr="98" mi="1" ci="0" mb="0" cb="0"/><counter type="INSTRUCTION" missed="173" covered="7"/><counter type="BRANCH" missed="28" covered="0"/><counter type="LINE" missed="32" covered="2"/><counter type="COMPLEXITY" missed="21" covered="2"/><counter type="METHOD" missed="7" covered="2"/><counter type="CLASS" missed="0" covered="1"/></sourcefile><counter type="INSTRUCTION" missed="173" covered="7"/><counter type="BRANCH" missed="28" covered="0"/><counter type="LINE" missed="32" covered="2"/><counter type="COMPLEXITY" missed="21" covered="2"/><counter type="METHOD" missed="7" covered="2"/><counter type="CLASS" missed="0" covered="1"/></package><package name="com/personalcapital/searchplans/service/impl"><class name="com/personalcapital/searchplans/service/impl/ElasticSearchServiceImpl" sourcefilename="ElasticSearchServiceImpl.java"><method name="&lt;init&gt;" desc="()V" line="39"><counter type="INSTRUCTION" missed="0" covered="3"/><counter type="LINE" missed="0" covered="1"/><counter type="COMPLEXITY" missed="0" covered="1"/><counter type="METHOD" missed="0" covered="1"/></method><method name="searchPlans" desc="(Ljava/util/Map;)Ljava/util/List;" line="52"><counter type="INSTRUCTION" missed="0" covered="25"/><counter type="BRANCH" missed="0" covered="4"/><counter type="LINE" missed="0" covered="6"/><counter type="COMPLEXITY" missed="0" covered="3"/><counter type="METHOD" missed="0" covered="1"/></method><method name="callAmazonElasticSearchService" desc="(Ljava/util/Map;)Lorg/elasticsearch/action/search/SearchResponse;" line="68"><counter type="INSTRUCTION" missed="0" covered="38"/><counter type="BRANCH" missed="1" covered="1"/><counter type="LINE" missed="0" covered="4"/><counter type="COMPLEXITY" missed="1" covered="1"/><counter type="METHOD" missed="0" covered="1"/></method><method name="buildSearchRequest" desc="(Ljava/util/Map;)Lorg/elasticsearch/action/search/SearchRequest;" line="81"><counter type="INSTRUCTION" missed="0" covered="27"/><counter type="LINE" missed="0" covered="6"/><counter type="COMPLEXITY" missed="0" covered="1"/><counter type="METHOD" missed="0" covered="1"/></method><method name="parseResponse" desc="(Lorg/elasticsearch/action/search/SearchResponse;)Ljava/util/List;" line="107"><counter type="INSTRUCTION" missed="18" covered="49"/><counter type="BRANCH" missed="2" covered="4"/><counter type="LINE" missed="4" covered="12"/><counter type="COMPLEXITY" missed="2" covered="2"/><counter type="METHOD" missed="0" covered="1"/></method><method name="lambda$buildSearchRequest$0" desc="(Lorg/elasticsearch/search/builder/SearchSourceBuilder;Ljava/lang/String;Ljava/lang/String;)V" line="86"><counter type="INSTRUCTION" missed="0" covered="39"/><counter type="BRANCH" missed="1" covered="5"/><counter type="LINE" missed="0" covered="10"/><counter type="COMPLEXITY" missed="1" covered="3"/><counter type="METHOD" missed="0" covered="1"/></method><method name="&lt;clinit&gt;" desc="()V" line="41"><counter type="INSTRUCTION" missed="0" covered="4"/><counter type="LINE" missed="0" covered="1"/><counter type="COMPLEXITY" missed="0" covered="1"/><counter type="METHOD" missed="0" covered="1"/></method><counter type="INSTRUCTION" missed="18" covered="185"/><counter type="BRANCH" missed="4" covered="14"/><counter type="LINE" missed="4" covered="40"/><counter type="COMPLEXITY" missed="4" covered="12"/><counter type="METHOD" missed="0" covered="7"/><counter type="CLASS" missed="0" covered="1"/></class><sourcefile name="ElasticSearchServiceImpl.java"><line nr="39" mi="0" ci="3" mb="0" cb="0"/><line nr="41" mi="0" ci="4" mb="0" cb="0"/><line nr="52" mi="0" ci="2" mb="0" cb="2"/><line nr="53" mi="0" ci="6" mb="0" cb="0"/><line nr="55" mi="0" ci="3" mb="0" cb="2"/><line nr="56" mi="0" ci="6" mb="0" cb="0"/><line nr="58" mi="0" ci="4" mb="0" cb="0"/><line nr="59" mi="0" ci="4" mb="0" cb="0"/><line nr="68" mi="0" ci="3" mb="1" cb="1"/><line nr="69" mi="0" ci="12" mb="0" cb="0"/><line nr="71" mi="0" ci="16" mb="0" cb="0"/><line nr="72" mi="0" ci="7" mb="0" cb="0"/><line nr="81" mi="0" ci="4" mb="0" cb="0"/><line nr="82" mi="0" ci="9" mb="0" cb="0"/><line nr="83" mi="0" ci="4" mb="0" cb="0"/><line nr="84" mi="0" ci="4" mb="0" cb="0"/><line nr="86" mi="0" ci="4" mb="0" cb="2"/><line nr="87" mi="0" ci="4" mb="0" cb="0"/><line nr="88" mi="0" ci="4" mb="0" cb="0"/><line nr="89" mi="0" ci="5" mb="0" cb="2"/><line nr="90" mi="0" ci="4" mb="0" cb="0"/><line nr="91" mi="0" ci="4" mb="0" cb="0"/><line nr="92" mi="0" ci="5" mb="1" cb="1"/><line nr="93" mi="0" ci="4" mb="0" cb="0"/><line nr="94" mi="0" ci="4" mb="0" cb="0"/><line nr="96" mi="0" ci="1" mb="0" cb="0"/><line nr="97" mi="0" ci="4" mb="0" cb="0"/><line nr="98" mi="0" ci="2" mb="0" cb="0"/><line nr="107" mi="0" ci="4" mb="0" cb="0"/><line nr="108" mi="0" ci="2" mb="1" cb="1"/><line nr="109" mi="0" ci="4" mb="0" cb="0"/><line nr="110" mi="0" ci="16" mb="0" cb="2"/><line nr="111" mi="0" ci="2" mb="1" cb="1"/><line nr="112" mi="0" ci="3" mb="0" cb="0"/><line nr="113" mi="0" ci="4" mb="0" cb="0"/><line nr="114" mi="0" ci="6" mb="0" cb="0"/><line nr="115" mi="0" ci="4" mb="0" cb="0"/><line nr="116" mi="0" ci="1" mb="0" cb="0"/><line nr="117" mi="3" ci="0" mb="0" cb="0"/><line nr="118" mi="6" ci="0" mb="0" cb="0"/><line nr="121" mi="0" ci="1" mb="0" cb="0"/><line nr="122" mi="3" ci="0" mb="0" cb="0"/><line nr="123" mi="6" ci="0" mb="0" cb="0"/><line nr="125" mi="0" ci="2" mb="0" cb="0"/><counter type="INSTRUCTION" missed="18" covered="185"/><counter type="BRANCH" missed="4" covered="14"/><counter type="LINE" missed="4" covered="40"/><counter type="COMPLEXITY" missed="4" covered="12"/><counter type="METHOD" missed="0" covered="7"/><counter type="CLASS" missed="0" covered="1"/></sourcefile><counter type="INSTRUCTION" missed="18" covered="185"/><counter type="BRANCH" missed="4" covered="14"/><counter type="LINE" missed="4" covered="40"/><counter type="COMPLEXITY" missed="4" covered="12"/><counter type="METHOD" missed="0" covered="7"/><counter type="CLASS" missed="0" covered="1"/></package><package name="com/personalcapital/searchplans/common"><class name="com/personalcapital/searchplans/common/SearchConstants" sourcefilename="SearchConstants.java"><method name="&lt;init&gt;" desc="()V" line="7"><counter type="INSTRUCTION" missed="3" covered="0"/><counter type="LINE" missed="1" covered="0"/><counter type="COMPLEXITY" missed="1" covered="0"/><counter type="METHOD" missed="1" covered="0"/></method><counter type="INSTRUCTION" missed="3" covered="0"/><counter type="LINE" missed="1" covered="0"/><counter type="COMPLEXITY" missed="1" covered="0"/><counter type="METHOD" missed="1" covered="0"/><counter type="CLASS" missed="1" covered="0"/></class><class name="com/personalcapital/searchplans/common/SearchProperties" sourcefilename="SearchProperties.java"><method name="&lt;init&gt;" desc="()V" line="12"><counter type="INSTRUCTION" missed="0" covered="3"/><counter type="LINE" missed="0" covered="1"/><counter type="COMPLEXITY" missed="0" covered="1"/><counter type="METHOD" missed="0" covered="1"/></method><method name="getElasticSearchHost" desc="()Ljava/lang/String;" line="17"><counter type="INSTRUCTION" missed="0" covered="3"/><counter type="LINE" missed="0" covered="1"/><counter type="COMPLEXITY" missed="0" covered="1"/><counter type="METHOD" missed="0" covered="1"/></method><method name="setElasticSearchHost" desc="(Ljava/lang/String;)V" line="21"><counter type="INSTRUCTION" missed="0" covered="4"/><counter type="LINE" missed="0" covered="2"/><counter type="COMPLEXITY" missed="0" covered="1"/><counter type="METHOD" missed="0" covered="1"/></method><counter type="INSTRUCTION" missed="0" covered="10"/><counter type="LINE" missed="0" covered="4"/><counter type="COMPLEXITY" missed="0" covered="3"/><counter type="METHOD" missed="0" covered="3"/><counter type="CLASS" missed="0" covered="1"/></class><sourcefile name="SearchProperties.java"><line nr="12" mi="0" ci="3" mb="0" cb="0"/><line nr="17" mi="0" ci="3" mb="0" cb="0"/><line nr="21" mi="0" ci="3" mb="0" cb="0"/><line nr="22" mi="0" ci="1" mb="0" cb="0"/><counter type="INSTRUCTION" missed="0" covered="10"/><counter type="LINE" missed="0" covered="4"/><counter type="COMPLEXITY" missed="0" covered="3"/><counter type="METHOD" missed="0" covered="3"/><counter type="CLASS" missed="0" covered="1"/></sourcefile><sourcefile name="SearchConstants.java"><line nr="7" mi="3" ci="0" mb="0" cb="0"/><counter type="INSTRUCTION" missed="3" covered="0"/><counter type="LINE" missed="1" covered="0"/><counter type="COMPLEXITY" missed="1" covered="0"/><counter type="METHOD" missed="1" covered="0"/><counter type="CLASS" missed="1" covered="0"/></sourcefile><counter type="INSTRUCTION" missed="3" covered="10"/><counter type="LINE" missed="1" covered="4"/><counter type="COMPLEXITY" missed="1" covered="3"/><counter type="METHOD" missed="1" covered="3"/><counter type="CLASS" missed="1" covered="1"/></package><package name="com/personalcapital/searchplans"><class name="com/personalcapital/searchplans/SearchApplication" sourcefilename="SearchApplication.java"><method name="&lt;init&gt;" desc="()V" line="15"><counter type="INSTRUCTION" missed="0" covered="3"/><counter type="LINE" missed="0" covered="1"/><counter type="COMPLEXITY" missed="0" covered="1"/><counter type="METHOD" missed="0" covered="1"/></method><method name="main" desc="([Ljava/lang/String;)V" line="23"><counter type="INSTRUCTION" missed="8" covered="0"/><counter type="LINE" missed="3" covered="0"/><counter type="COMPLEXITY" missed="1" covered="0"/><counter type="METHOD" missed="1" covered="0"/></method><method name="&lt;clinit&gt;" desc="()V" line="17"><counter type="INSTRUCTION" missed="0" covered="4"/><counter type="LINE" missed="0" covered="1"/><counter type="COMPLEXITY" missed="0" covered="1"/><counter type="METHOD" missed="0" covered="1"/></method><counter type="INSTRUCTION" missed="8" covered="7"/><counter type="LINE" missed="3" covered="2"/><counter type="COMPLEXITY" missed="1" covered="2"/><counter type="METHOD" missed="1" covered="2"/><counter type="CLASS" missed="0" covered="1"/></class><sourcefile name="SearchApplication.java"><line nr="15" mi="0" ci="3" mb="0" cb="0"/><line nr="17" mi="0" ci="4" mb="0" cb="0"/><line nr="23" mi="4" ci="0" mb="0" cb="0"/><line nr="24" mi="3" ci="0" mb="0" cb="0"/><line nr="25" mi="1" ci="0" mb="0" cb="0"/><counter type="INSTRUCTION" missed="8" covered="7"/><counter type="LINE" missed="3" covered="2"/><counter type="COMPLEXITY" missed="1" covered="2"/><counter type="METHOD" missed="1" covered="2"/><counter type="CLASS" missed="0" covered="1"/></sourcefile><counter type="INSTRUCTION" missed="8" covered="7"/><counter type="LINE" missed="3" covered="2"/><counter type="COMPLEXITY" missed="1" covered="2"/><counter type="METHOD" missed="1" covered="2"/><counter type="CLASS" missed="0" covered="1"/></package><package name="com/personalcapital/searchplans/dto"><class name="com/personalcapital/searchplans/dto/ElasticSearchResponseDTO" sourcefilename="ElasticSearchResponseDTO.java"><method name="&lt;init&gt;" desc="()V" line="10"><counter type="INSTRUCTION" missed="0" covered="3"/><counter type="LINE" missed="0" covered="1"/><counter type="COMPLEXITY" missed="0" covered="1"/><counter type="METHOD" missed="0" covered="1"/></method><method name="getSponsDefLocForeignAddress1" desc="()Ljava/lang/String;" line="573"><counter type="INSTRUCTION" missed="3" covered="0"/><counter type="LINE" missed="1" covered="0"/><counter type="COMPLEXITY" missed="1" covered="0"/><counter type="METHOD" missed="1" covered="0"/></method><method name="setSponsDefLocForeignAddress1" desc="(Ljava/lang/String;)V" line="577"><counter type="INSTRUCTION" missed="4" covered="0"/><counter type="LINE" missed="2" covered="0"/><counter type="COMPLEXITY" missed="1" covered="0"/><counter type="METHOD" missed="1" covered="0"/></method><method name="getTypeWelfareBnftCode" desc="()Ljava/lang/String;" line="581"><counter type="INSTRUCTION" missed="3" covered="0"/><counter type="LINE" missed="1" covered="0"/><counter type="COMPLEXITY" missed="1" covered="0"/><counter type="METHOD" missed="1" covered="0"/></method><method name="setTypeWelfareBnftCode" desc="(Ljava/lang/String;)V" line="585"><counter type="INSTRUCTION" missed="4" covered="0"/><counter type="LINE" missed="2" covered="0"/><counter type="COMPLEXITY" missed="1" covered="0"/><counter type="METHOD" missed="1" covered="0"/></method><method name="getNumSchAAttachedCnt" desc="()Ljava/lang/String;" line="589"><counter type="INSTRUCTION" missed="3" covered="0"/><counter type="LINE" missed="1" covered="0"/><counter type="COMPLEXITY" missed="1" covered="0"/><counter type="METHOD" missed="1" covered="0"/></method><method name="setNumSchAAttachedCnt" desc="(Ljava/lang/String;)V" line="593"><counter type="INSTRUCTION" missed="4" covered="0"/><counter type="LINE" missed="2" covered="0"/><counter type="COMPLEXITY" missed="1" covered="0"/><counter type="METHOD" missed="1" covered="0"/></method><method name="getAdminManualSignedName" desc="()Ljava/lang/String;" line="597"><counter type="INSTRUCTION" missed="3" covered="0"/><counter type="LINE" missed="1" covered="0"/><counter type="COMPLEXITY" missed="1" covered="0"/><counter type="METHOD" missed="1" covered="0"/></method><method name="setAdminManualSignedName" desc="(Ljava/lang/String;)V" line="601"><counter type="INSTRUCTION" missed="4" covered="0"/><counter type="LINE" missed="2" covered="0"/><counter type="COMPLEXITY" missed="1" covered="0"/><counter type="METHOD" missed="1" covered="0"/></method><method name="getPreparerFirmName" desc="()Ljava/lang/String;" line="605"><counter type="INSTRUCTION" missed="3" covered="0"/><counter type="LINE" missed="1" covered="0"/><counter type="COMPLEXITY" missed="1" covered="0"/><counter type="METHOD" missed="1" covered="0"/></method><method name="setPreparerFirmName" desc="(Ljava/lang/String;)V" line="609"><counter type="INSTRUCTION" missed="4" covered="0"/><counter type="LINE" missed="2" covered="0"/><counter type="COMPLEXITY" missed="1" covered="0"/><counter type="METHOD" missed="1" covered="0"/></method><method name="getPreparerForeignProvState" desc="()Ljava/lang/String;" line="613"><counter type="INSTRUCTION" missed="3" covered="0"/><counter type="LINE" missed="1" covered="0"/><counter type="COMPLEXITY" missed="1" covered="0"/><counter type="METHOD" missed="1" covered="0"/></method><method name="setPreparerForeignProvState" desc="(Ljava/lang/String;)V" line="617"><counter type="INSTRUCTION" missed="4" covered="0"/><counter type="LINE" missed="2" covered="0"/><counter type="COMPLEXITY" missed="1" covered="0"/><counter type="METHOD" missed="1" covered="0"/></method><method name="getSponsDefMailUsZip" desc="()Ljava/lang/String;" line="621"><counter type="INSTRUCTION" missed="3" covered="0"/><counter type="LINE" missed="1" covered="0"/><counter type="COMPLEXITY" missed="1" covered="0"/><counter type="METHOD" missed="1" covered="0"/></method><method name="setSponsDefMailUsZip" desc="(Ljava/lang/String;)V" line="625"><counter type="INSTRUCTION" missed="4" covered="0"/><counter type="LINE" missed="2" covered="0"/><counter type="COMPLEXITY" missed="1" covered="0"/><counter type="METHOD" missed="1" covered="0"/></method><method name="getLastRptPlanNum" desc="()Ljava/lang/String;" line="629"><counter type="INSTRUCTION" missed="3" covered="0"/><counter type="LINE" missed="1" covered="0"/><counter type="COMPLEXITY" missed="1" covered="0"/><counter type="METHOD" missed="1" covered="0"/></method><method name="setLastRptPlanNum" desc="(Ljava/lang/String;)V" line="633"><counter type="INSTRUCTION" missed="4" covered="0"/><counter type="LINE" missed="2" covered="0"/><counter type="COMPLEXITY" missed="1" covered="0"/><counter type="METHOD" missed="1" covered="0"/></method><method name="getAdminForeignCity" desc="()Ljava/lang/String;" line="637"><counter type="INSTRUCTION" missed="3" covered="0"/><counter type="LINE" missed="1" covered="0"/><counter type="COMPLEXITY" missed="1" covered="0"/><counter type="METHOD" missed="1" covered="0"/></method><method name="setAdminForeignCity" desc="(Ljava/lang/String;)V" line="641"><counter type="INSTRUCTION" missed="4" covered="0"/><counter type="LINE" missed="2" covered="0"/><counter type="COMPLEXITY" missed="1" covered="0"/><counter type="METHOD" missed="1" covered="0"/></method><method name="getSponsSignedName" desc="()Ljava/lang/String;" line="645"><counter type="INSTRUCTION" missed="3" covered="0"/><counter type="LINE" missed="1" covered="0"/><counter type="COMPLEXITY" missed="1" covered="0"/><counter type="METHOD" missed="1" covered="0"/></method><method name="setSponsSignedName" desc="(Ljava/lang/String;)V" line="649"><counter type="INSTRUCTION" missed="4" covered="0"/><counter type="LINE" missed="2" covered="0"/><counter type="COMPLEXITY" missed="1" covered="0"/><counter type="METHOD" missed="1" covered="0"/></method><method name="getAdminForeignAddress2" desc="()Ljava/lang/String;" line="653"><counter type="INSTRUCTION" missed="3" covered="0"/><counter type="LINE" missed="1" covered="0"/><counter type="COMPLEXITY" missed="1" covered="0"/><counter type="METHOD" missed="1" covered="0"/></method><method name="setAdminForeignAddress2" desc="(Ljava/lang/String;)V" line="657"><counter type="INSTRUCTION" missed="4" covered="0"/><counter type="LINE" missed="2" covered="0"/><counter type="COMPLEXITY" missed="1" covered="0"/><counter type="METHOD" missed="1" covered="0"/></method><method name="getSchRAttachedInd" desc="()Ljava/lang/String;" line="661"><counter type="INSTRUCTION" missed="3" covered="0"/><counter type="LINE" missed="1" covered="0"/><counter type="COMPLEXITY" missed="1" covered="0"/><counter type="METHOD" missed="1" covered="0"/></method><method name="setSchRAttachedInd" desc="(Ljava/lang/String;)V" line="665"><counter type="INSTRUCTION" missed="4" covered="0"/><counter type="LINE" missed="2" covered="0"/><counter type="COMPLEXITY" missed="1" covered="0"/><counter type="METHOD" missed="1" covered="0"/></method><method name="getPreparerForeignPostalCd" desc="()Ljava/lang/String;" line="669"><counter type="INSTRUCTION" missed="3" covered="0"/><counter type="LINE" missed="1" covered="0"/><counter type="COMPLEXITY" missed="1" covered="0"/><counter type="METHOD" missed="1" covered="0"/></method><method name="setPreparerForeignPostalCd" desc="(Ljava/lang/String;)V" line="673"><counter type="INSTRUCTION" missed="4" covered="0"/><counter type="LINE" missed="2" covered="0"/><counter type="COMPLEXITY" missed="1" covered="0"/><counter type="METHOD" missed="1" covered="0"/></method><method name="getSponsDefMailUsCity" desc="()Ljava/lang/String;" line="677"><counter type="INSTRUCTION" missed="3" covered="0"/><counter type="LINE" missed="1" covered="0"/><counter type="COMPLEXITY" missed="1" covered="0"/><counter type="METHOD" missed="1" covered="0"/></method><method name="setSponsDefMailUsCity" desc="(Ljava/lang/String;)V" line="681"><counter type="INSTRUCTION" missed="4" covered="0"/><counter type="LINE" missed="2" covered="0"/><counter type="COMPLEXITY" missed="1" covered="0"/><counter type="METHOD" missed="1" covered="0"/></method><method name="getSponsDefPn" desc="()Ljava/lang/String;" line="685"><counter type="INSTRUCTION" missed="3" covered="0"/><counter type="LINE" missed="1" covered="0"/><counter type="COMPLEXITY" missed="1" covered="0"/><counter type="METHOD" missed="1" covered="0"/></method><method name="setSponsDefPn" desc="(Ljava/lang/String;)V" line="689"><counter type="INSTRUCTION" missed="4" covered="0"/><counter type="LINE" missed="2" covered="0"/><counter type="COMPLEXITY" missed="1" covered="0"/><counter type="METHOD" missed="1" covered="0"/></method><method name="getSepPartcpPartlVstdCnt" desc="()Ljava/lang/String;" line="693"><counter type="INSTRUCTION" missed="3" covered="0"/><counter type="LINE" missed="1" covered="0"/><counter type="COMPLEXITY" missed="1" covered="0"/><counter type="METHOD" missed="1" covered="0"/></method><method name="setSepPartcpPartlVstdCnt" desc="(Ljava/lang/String;)V" line="697"><counter type="INSTRUCTION" missed="4" covered="0"/><counter type="LINE" missed="2" covered="0"/><counter type="COMPLEXITY" missed="1" covered="0"/><counter type="METHOD" missed="1" covered="0"/></method><method name="getSchSbAttachedInd" desc="()Ljava/lang/String;" line="701"><counter type="INSTRUCTION" missed="3" covered="0"/><counter type="LINE" missed="1" covered="0"/><counter type="COMPLEXITY" missed="1" covered="0"/><counter type="METHOD" missed="1" covered="0"/></method><method name="setSchSbAttachedInd" desc="(Ljava/lang/String;)V" line="705"><counter type="INSTRUCTION" missed="4" covered="0"/><counter type="LINE" missed="2" covered="0"/><counter type="COMPLEXITY" missed="1" covered="0"/><counter type="METHOD" missed="1" covered="0"/></method><method name="getAdminNameSameSponInd" desc="()Ljava/lang/String;" line="709"><counter type="INSTRUCTION" missed="3" covered="0"/><counter type="LINE" missed="1" covered="0"/><counter type="COMPLEXITY" missed="1" covered="0"/><counter type="METHOD" missed="1" covered="0"/></method><method name="setAdminNameSameSponInd" desc="(Ljava/lang/String;)V" line="713"><counter type="INSTRUCTION" missed="4" covered="0"/><counter type="LINE" missed="2" covered="0"/><counter type="COMPLEXITY" missed="1" covered="0"/><counter type="METHOD" missed="1" covered="0"/></method><method name="getSponsDefLocForeignAddress2" desc="()Ljava/lang/String;" line="717"><counter type="INSTRUCTION" missed="3" covered="0"/><counter type="LINE" missed="1" covered="0"/><counter type="COMPLEXITY" missed="1" covered="0"/><counter type="METHOD" missed="1" covered="0"/></method><method name="setSponsDefLocForeignAddress2" desc="(Ljava/lang/String;)V" line="721"><counter type="INSTRUCTION" missed="4" covered="0"/><counter type="LINE" missed="2" covered="0"/><counter type="COMPLEXITY" missed="1" covered="0"/><counter type="METHOD" missed="1" covered="0"/></method><method name="getTypeDefPlanEntityCd" desc="()Ljava/lang/String;" line="725"><counter type="INSTRUCTION" missed="3" covered="0"/><counter type="LINE" missed="1" covered="0"/><counter type="COMPLEXITY" missed="1" covered="0"/><counter type="METHOD" missed="1" covered="0"/></method><method name="setTypeDefPlanEntityCd" desc="(Ljava/lang/String;)V" line="729"><counter type="INSTRUCTION" missed="4" covered="0"/><counter type="LINE" missed="2" covered="0"/><counter type="COMPLEXITY" missed="1" covered="0"/><counter type="METHOD" missed="1" covered="0"/></method><method name="getSponsSignedDate" desc="()Ljava/lang/String;" line="733"><counter type="INSTRUCTION" missed="3" covered="0"/><counter type="LINE" missed="1" covered="0"/><counter type="COMPLEXITY" missed="1" covered="0"/><counter type="METHOD" missed="1" covered="0"/></method><method name="setSponsSignedDate" desc="(Ljava/lang/String;)V" line="737"><counter type="INSTRUCTION" missed="4" covered="0"/><counter type="LINE" missed="2" covered="0"/><counter type="COMPLEXITY" missed="1" covered="0"/><counter type="METHOD" missed="1" covered="0"/></method><method name="getSponsDefMailForignCntry" desc="()Ljava/lang/String;" line="741"><counter type="INSTRUCTION" missed="3" covered="0"/><counter type="LINE" missed="1" covered="0"/><counter type="COMPLEXITY" missed="1" covered="0"/><counter type="METHOD" missed="1" covered="0"/></method><method name="setSponsDefMailForignCntry" desc="(Ljava/lang/String;)V" line="745"><counter type="INSTRUCTION" missed="4" covered="0"/><counter type="LINE" missed="2" covered="0"/><counter type="COMPLEXITY" missed="1" covered="0"/><counter type="METHOD" missed="1" covered="0"/></method><method name="getAdminUsState" desc="()Ljava/lang/String;" line="749"><counter type="INSTRUCTION" missed="3" covered="0"/><counter type="LINE" missed="1" covered="0"/><counter type="COMPLEXITY" missed="1" covered="0"/><counter type="METHOD" missed="1" covered="0"/></method><method name="setAdminUsState" desc="(Ljava/lang/String;)V" line="753"><counter type="INSTRUCTION" missed="4" covered="0"/><counter type="LINE" missed="2" covered="0"/><counter type="COMPLEXITY" missed="1" covered="0"/><counter type="METHOD" missed="1" covered="0"/></method><method name="getAdminForeignPostalCd" desc="()Ljava/lang/String;" line="757"><counter type="INSTRUCTION" missed="3" covered="0"/><counter type="LINE" missed="1" covered="0"/><counter type="COMPLEXITY" missed="1" covered="0"/><counter type="METHOD" missed="1" covered="0"/></method><method name="setAdminForeignPostalCd" desc="(Ljava/lang/String;)V" line="761"><counter type="INSTRUCTION" missed="4" covered="0"/><counter type="LINE" missed="2" covered="0"/><counter type="COMPLEXITY" missed="1" covered="0"/><counter type="METHOD" missed="1" covered="0"/></method><method name="getDefSignedName" desc="()Ljava/lang/String;" line="765"><counter type="INSTRUCTION" missed="3" covered="0"/><counter type="LINE" missed="1" covered="0"/><counter type="COMPLEXITY" missed="1" covered="0"/><counter type="METHOD" missed="1" covered="0"/></method><method name="setDefSignedName" desc="(Ljava/lang/String;)V" line="769"><counter type="INSTRUCTION" missed="4" covered="0"/><counter type="LINE" missed="2" covered="0"/><counter type="COMPLEXITY" missed="1" covered="0"/><counter type="METHOD" missed="1" covered="0"/></method><method name="getDfvcProgramInd" desc="()Ljava/lang/String;" line="773"><counter type="INSTRUCTION" missed="3" covered="0"/><counter type="LINE" missed="1" covered="0"/><counter type="COMPLEXITY" missed="1" covered="0"/><counter type="METHOD" missed="1" covered="0"/></method><method name="setDfvcProgramInd" desc="(Ljava/lang/String;)V" line="777"><counter type="INSTRUCTION" missed="4" covered="0"/><counter type="LINE" missed="2" covered="0"/><counter type="COMPLEXITY" missed="1" covered="0"/><counter type="METHOD" missed="1" covered="0"/></method><method name="getSponsDefEin" desc="()Ljava/lang/String;" line="781"><counter type="INSTRUCTION" missed="3" covered="0"/><counter type="LINE" missed="1" covered="0"/><counter type="COMPLEXITY" missed="1" covered="0"/><counter type="METHOD" missed="1" covered="0"/></method><method name="setSponsDefEin" desc="(Ljava/lang/String;)V" line="785"><counter type="INSTRUCTION" missed="4" covered="0"/><counter type="LINE" missed="2" covered="0"/><counter type="COMPLEXITY" missed="1" covered="0"/><counter type="METHOD" missed="1" covered="0"/></method><method name="getLastRptPlanName" desc="()Ljava/lang/String;" line="789"><counter type="INSTRUCTION" missed="3" covered="0"/><counter type="LINE" missed="1" covered="0"/><counter type="COMPLEXITY" missed="1" covered="0"/><counter type="METHOD" missed="1" covered="0"/></method><method name="setLastRptPlanName" desc="(Ljava/lang/String;)V" line="793"><counter type="INSTRUCTION" missed="4" covered="0"/><counter type="LINE" missed="2" covered="0"/><counter type="COMPLEXITY" missed="1" covered="0"/><counter type="METHOD" missed="1" covered="0"/></method><method name="getAdminManualSignedDate" desc="()Ljava/lang/String;" line="797"><counter type="INSTRUCTION" missed="3" covered="0"/><counter type="LINE" missed="1" covered="0"/><counter type="COMPLEXITY" missed="1" covered="0"/><counter type="METHOD" missed="1" covered="0"/></method><method name="setAdminManualSignedDate" desc="(Ljava/lang/String;)V" line="801"><counter type="INSTRUCTION" missed="4" covered="0"/><counter type="LINE" missed="2" covered="0"/><counter type="COMPLEXITY" missed="1" covered="0"/><counter type="METHOD" missed="1" covered="0"/></method><method name="getSponsDefPhoneNumForeign" desc="()Ljava/lang/String;" line="805"><counter type="INSTRUCTION" missed="3" covered="0"/><counter type="LINE" missed="1" covered="0"/><counter type="COMPLEXITY" missed="1" covered="0"/><counter type="METHOD" missed="1" covered="0"/></method><method name="setSponsDefPhoneNumForeign" desc="(Ljava/lang/String;)V" line="809"><counter type="INSTRUCTION" missed="4" covered="0"/><counter type="LINE" missed="2" covered="0"/><counter type="COMPLEXITY" missed="1" covered="0"/><counter type="METHOD" missed="1" covered="0"/></method><method name="getBenefitInsuranceInd" desc="()Ljava/lang/String;" line="813"><counter type="INSTRUCTION" missed="3" covered="0"/><counter type="LINE" missed="1" covered="0"/><counter type="COMPLEXITY" missed="1" covered="0"/><counter type="METHOD" missed="1" covered="0"/></method><method name="setBenefitInsuranceInd" desc="(Ljava/lang/String;)V" line="817"><counter type="INSTRUCTION" missed="4" covered="0"/><counter type="LINE" missed="2" covered="0"/><counter type="COMPLEXITY" missed="1" covered="0"/><counter type="METHOD" missed="1" covered="0"/></method><method name="getSponsDefLocForgnPostalCd" desc="()Ljava/lang/String;" line="821"><counter type="INSTRUCTION" missed="3" covered="0"/><counter type="LINE" missed="1" covered="0"/><counter type="COMPLEXITY" missed="1" covered="0"/><counter type="METHOD" missed="1" covered="0"/></method><method name="setSponsDefLocForgnPostalCd" desc="(Ljava/lang/String;)V" line="825"><counter type="INSTRUCTION" missed="4" covered="0"/><counter type="LINE" missed="2" covered="0"/><counter type="COMPLEXITY" missed="1" covered="0"/><counter type="METHOD" missed="1" covered="0"/></method><method name="getTimestamp" desc="()Ljava/lang/String;" line="829"><counter type="INSTRUCTION" missed="3" covered="0"/><counter type="LINE" missed="1" covered="0"/><counter type="COMPLEXITY" missed="1" covered="0"/><counter type="METHOD" missed="1" covered="0"/></method><method name="setTimestamp" desc="(Ljava/lang/String;)V" line="833"><counter type="INSTRUCTION" missed="4" covered="0"/><counter type="LINE" missed="2" covered="0"/><counter type="COMPLEXITY" missed="1" covered="0"/><counter type="METHOD" missed="1" covered="0"/></method><method name="getSchGAttachedInd" desc="()Ljava/lang/String;" line="837"><counter type="INSTRUCTION" missed="3" covered="0"/><counter type="LINE" missed="1" covered="0"/><counter type="COMPLEXITY" missed="1" covered="0"/><counter type="METHOD" missed="1" covered="0"/></method><method name="setSchGAttachedInd" desc="(Ljava/lang/String;)V" line="841"><counter type="INSTRUCTION" missed="4" covered="0"/><counter type="LINE" missed="2" covered="0"/><counter type="COMPLEXITY" missed="1" covered="0"/><counter type="METHOD" missed="1" covered="0"/></method><method name="getAdminAddressSameSponInd" desc="()Ljava/lang/String;" line="845"><counter type="INSTRUCTION" missed="3" covered="0"/><counter type="LINE" missed="1" covered="0"/><counter type="COMPLEXITY" missed="1" covered="0"/><counter type="METHOD" missed="1" covered="0"/></method><method name="setAdminAddressSameSponInd" desc="(Ljava/lang/String;)V" line="849"><counter type="INSTRUCTION" missed="4" covered="0"/><counter type="LINE" missed="2" covered="0"/><counter type="COMPLEXITY" missed="1" covered="0"/><counter type="METHOD" missed="1" covered="0"/></method><method name="getSponsDefMailForgnProvSt" desc="()Ljava/lang/String;" line="853"><counter type="INSTRUCTION" missed="3" covered="0"/><counter type="LINE" missed="1" covered="0"/><counter type="COMPLEXITY" missed="1" covered="0"/><counter type="METHOD" missed="1" covered="0"/></method><method name="setSponsDefMailForgnProvSt" desc="(Ljava/lang/String;)V" line="857"><counter type="INSTRUCTION" missed="4" covered="0"/><counter type="LINE" missed="2" covered="0"/><counter type="COMPLEXITY" missed="1" covered="0"/><counter type="METHOD" missed="1" covered="0"/></method><method name="getLastRptSponsEin" desc="()Ljava/lang/String;" line="861"><counter type="INSTRUCTION" missed="3" covered="0"/><counter type="LINE" missed="1" covered="0"/><counter type="COMPLEXITY" missed="1" covered="0"/><counter type="METHOD" missed="1" covered="0"/></method><method name="setLastRptSponsEin" desc="(Ljava/lang/String;)V" line="865"><counter type="INSTRUCTION" missed="4" covered="0"/><counter type="LINE" missed="2" covered="0"/><counter type="COMPLEXITY" missed="1" covered="0"/><counter type="METHOD" missed="1" covered="0"/></method><method name="getAdminSignedName" desc="()Ljava/lang/String;" line="869"><counter type="INSTRUCTION" missed="3" covered="0"/><counter type="LINE" missed="1" covered="0"/><counter type="COMPLEXITY" missed="1" covered="0"/><counter type="METHOD" missed="1" covered="0"/></method><method name="setAdminSignedName" desc="(Ljava/lang/String;)V" line="873"><counter type="INSTRUCTION" missed="4" covered="0"/><counter type="LINE" missed="2" covered="0"/><counter type="COMPLEXITY" missed="1" covered="0"/><counter type="METHOD" missed="1" covered="0"/></method><method name="getPlanDefDate" desc="()Ljava/lang/String;" line="877"><counter type="INSTRUCTION" missed="3" covered="0"/><counter type="LINE" missed="1" covered="0"/><counter type="COMPLEXITY" missed="1" covered="0"/><counter type="METHOD" missed="1" covered="0"/></method><method name="setPlanDefDate" desc="(Ljava/lang/String;)V" line="881"><counter type="INSTRUCTION" missed="4" covered="0"/><counter type="LINE" missed="2" covered="0"/><counter type="COMPLEXITY" missed="1" covered="0"/><counter type="METHOD" missed="1" covered="0"/></method><method name="getAdminForeignCntry" desc="()Ljava/lang/String;" line="885"><counter type="INSTRUCTION" missed="3" covered="0"/><counter type="LINE" missed="1" covered="0"/><counter type="COMPLEXITY" missed="1" covered="0"/><counter type="METHOD" missed="1" covered="0"/></method><method name="setAdminForeignCntry" desc="(Ljava/lang/String;)V" line="889"><counter type="INSTRUCTION" missed="4" covered="0"/><counter type="LINE" missed="2" covered="0"/><counter type="COMPLEXITY" missed="1" covered="0"/><counter type="METHOD" missed="1" covered="0"/></method><method name="getSponsDefLocUSCity" desc="()Ljava/lang/String;" line="893"><counter type="INSTRUCTION" missed="3" covered="0"/><counter type="LINE" missed="1" covered="0"/><counter type="COMPLEXITY" missed="1" covered="0"/><counter type="METHOD" missed="1" covered="0"/></method><method name="setSponsDefLocUSCity" desc="(Ljava/lang/String;)V" line="897"><counter type="INSTRUCTION" missed="4" covered="0"/><counter type="LINE" missed="2" covered="0"/><counter type="COMPLEXITY" missed="1" covered="0"/><counter type="METHOD" missed="1" covered="0"/></method><method name="getContribEmplrsCnt" desc="()Ljava/lang/String;" line="901"><counter type="INSTRUCTION" missed="3" covered="0"/><counter type="LINE" missed="1" covered="0"/><counter type="COMPLEXITY" missed="1" covered="0"/><counter type="METHOD" missed="1" covered="0"/></method><method name="setContribEmplrsCnt" desc="(Ljava/lang/String;)V" line="905"><counter type="INSTRUCTION" missed="4" covered="0"/><counter type="LINE" missed="2" covered="0"/><counter type="COMPLEXITY" missed="1" covered="0"/><counter type="METHOD" missed="1" covered="0"/></method><method name="getSchHAttachedInd" desc="()Ljava/lang/String;" line="909"><counter type="INSTRUCTION" missed="3" covered="0"/><counter type="LINE" missed="1" covered="0"/><counter type="COMPLEXITY" missed="1" covered="0"/><counter type="METHOD" missed="1" covered="0"/></method><method name="setSchHAttachedInd" desc="(Ljava/lang/String;)V" line="913"><counter type="INSTRUCTION" missed="4" covered="0"/><counter type="LINE" missed="2" covered="0"/><counter type="COMPLEXITY" missed="1" covered="0"/><counter type="METHOD" missed="1" covered="0"/></method><method name="getAdminForeignAddress1" desc="()Ljava/lang/String;" line="917"><counter type="INSTRUCTION" missed="3" covered="0"/><counter type="LINE" missed="1" covered="0"/><counter type="COMPLEXITY" missed="1" covered="0"/><counter type="METHOD" missed="1" covered="0"/></method><method name="setAdminForeignAddress1" desc="(Ljava/lang/String;)V" line="921"><counter type="INSTRUCTION" missed="4" covered="0"/><counter type="LINE" missed="2" covered="0"/><counter type="COMPLEXITY" missed="1" covered="0"/><counter type="METHOD" missed="1" covered="0"/></method><method name="getPreparerPhoneNum" desc="()Ljava/lang/String;" line="925"><counter type="INSTRUCTION" missed="3" covered="0"/><counter type="LINE" missed="1" covered="0"/><counter type="COMPLEXITY" missed="1" covered="0"/><counter type="METHOD" missed="1" covered="0"/></method><method name="setPreparerPhoneNum" desc="(Ljava/lang/String;)V" line="929"><counter type="INSTRUCTION" missed="4" covered="0"/><counter type="LINE" missed="2" covered="0"/><counter type="COMPLEXITY" missed="1" covered="0"/><counter type="METHOD" missed="1" covered="0"/></method><method name="getAdminUsAddress1" desc="()Ljava/lang/String;" line="933"><counter type="INSTRUCTION" missed="3" covered="0"/><counter type="LINE" missed="1" covered="0"/><counter type="COMPLEXITY" missed="1" covered="0"/><counter type="METHOD" missed="1" covered="0"/></method><method name="setAdminUsAddress1" desc="(Ljava/lang/String;)V" line="937"><counter type="INSTRUCTION" missed="4" covered="0"/><counter type="LINE" missed="2" covered="0"/><counter type="COMPLEXITY" missed="1" covered="0"/><counter type="METHOD" missed="1" covered="0"/></method><method name="getPlanName" desc="()Ljava/lang/String;" line="941"><counter type="INSTRUCTION" missed="3" covered="0"/><counter type="LINE" missed="1" covered="0"/><counter type="COMPLEXITY" missed="1" covered="0"/><counter type="METHOD" missed="1" covered="0"/></method><method name="setPlanName" desc="(Ljava/lang/String;)V" line="945"><counter type="INSTRUCTION" missed="4" covered="0"/><counter type="LINE" missed="2" covered="0"/><counter type="COMPLEXITY" missed="1" covered="0"/><counter type="METHOD" missed="1" covered="0"/></method><method name="getCollectiveBargainInd" desc="()Ljava/lang/String;" line="949"><counter type="INSTRUCTION" missed="3" covered="0"/><counter type="LINE" missed="1" covered="0"/><counter type="COMPLEXITY" missed="1" covered="0"/><counter type="METHOD" missed="1" covered="0"/></method><method name="setCollectiveBargainInd" desc="(Ljava/lang/String;)V" line="953"><counter type="INSTRUCTION" missed="4" covered="0"/><counter type="LINE" missed="2" covered="0"/><counter type="COMPLEXITY" missed="1" covered="0"/><counter type="METHOD" missed="1" covered="0"/></method><method name="getExtAutomaticInd" desc="()Ljava/lang/String;" line="957"><counter type="INSTRUCTION" missed="3" covered="0"/><counter type="LINE" missed="1" covered="0"/><counter type="COMPLEXITY" missed="1" covered="0"/><counter type="METHOD" missed="1" covered="0"/></method><method name="setExtAutomaticInd" desc="(Ljava/lang/String;)V" line="961"><counter type="INSTRUCTION" missed="4" covered="0"/><counter type="LINE" missed="2" covered="0"/><counter type="COMPLEXITY" missed="1" covered="0"/><counter type="METHOD" missed="1" covered="0"/></method><method name="getSponsDefMailUsAddress1" desc="()Ljava/lang/String;" line="965"><counter type="INSTRUCTION" missed="3" covered="0"/><counter type="LINE" missed="1" covered="0"/><counter type="COMPLEXITY" missed="1" covered="0"/><counter type="METHOD" missed="1" covered="0"/></method><method name="setSponsDefMailUsAddress1" desc="(Ljava/lang/String;)V" line="969"><counter type="INSTRUCTION" missed="4" covered="0"/><counter type="LINE" missed="2" covered="0"/><counter type="COMPLEXITY" missed="1" covered="0"/><counter type="METHOD" missed="1" covered="0"/></method><method name="getSponsDefLocUsAddress1" desc="()Ljava/lang/String;" line="973"><counter type="INSTRUCTION" missed="3" covered="0"/><counter type="LINE" missed="1" covered="0"/><counter type="COMPLEXITY" missed="1" covered="0"/><counter type="METHOD" missed="1" covered="0"/></method><method name="setSponsDefLocUsAddress1" desc="(Ljava/lang/String;)V" line="977"><counter type="INSTRUCTION" missed="4" covered="0"/><counter type="LINE" missed="2" covered="0"/><counter type="COMPLEXITY" missed="1" covered="0"/><counter type="METHOD" missed="1" covered="0"/></method><method name="getDefManualSignedDate" desc="()Ljava/lang/String;" line="981"><counter type="INSTRUCTION" missed="3" covered="0"/><counter type="LINE" missed="1" covered="0"/><counter type="COMPLEXITY" missed="1" covered="0"/><counter type="METHOD" missed="1" covered="0"/></method><method name="setDefManualSignedDate" desc="(Ljava/lang/String;)V" line="985"><counter type="INSTRUCTION" missed="4" covered="0"/><counter type="LINE" missed="2" covered="0"/><counter type="COMPLEXITY" missed="1" covered="0"/><counter type="METHOD" missed="1" covered="0"/></method><method name="getFormTaxPrd" desc="()Ljava/lang/String;" line="989"><counter type="INSTRUCTION" missed="3" covered="0"/><counter type="LINE" missed="1" covered="0"/><counter type="COMPLEXITY" missed="1" covered="0"/><counter type="METHOD" missed="1" covered="0"/></method><method name="setFormTaxPrd" desc="(Ljava/lang/String;)V" line="993"><counter type="INSTRUCTION" missed="4" covered="0"/><counter type="LINE" missed="2" covered="0"/><counter type="COMPLEXITY" missed="1" covered="0"/><counter type="METHOD" missed="1" covered="0"/></method><method name="getSponsDefLocForeignCntry" desc="()Ljava/lang/String;" line="997"><counter type="INSTRUCTION" missed="3" covered="0"/><counter type="LINE" missed="1" covered="0"/><counter type="COMPLEXITY" missed="1" covered="0"/><counter type="METHOD" missed="1" covered="0"/></method><method name="setSponsDefLocForeignCntry" desc="(Ljava/lang/String;)V" line="1001"><counter type="INSTRUCTION" missed="4" covered="0"/><counter type="LINE" missed="2" covered="0"/><counter type="COMPLEXITY" missed="1" covered="0"/><counter type="METHOD" missed="1" covered="0"/></method><method name="getSponsDefMailUsState" desc="()Ljava/lang/String;" line="1005"><counter type="INSTRUCTION" missed="3" covered="0"/><counter type="LINE" missed="1" covered="0"/><counter type="COMPLEXITY" missed="1" covered="0"/><counter type="METHOD" missed="1" covered="0"/></method><method name="setSponsDefMailUsState" desc="(Ljava/lang/String;)V" line="1009"><counter type="INSTRUCTION" missed="4" covered="0"/><counter type="LINE" missed="2" covered="0"/><counter type="COMPLEXITY" missed="1" covered="0"/><counter type="METHOD" missed="1" covered="0"/></method><method name="getRtdSepPartchFunCnt" desc="()Ljava/lang/String;" line="1013"><counter type="INSTRUCTION" missed="3" covered="0"/><counter type="LINE" missed="1" covered="0"/><counter type="COMPLEXITY" missed="1" covered="0"/><counter type="METHOD" missed="1" covered="0"/></method><method name="setRtdSepPartchFunCnt" desc="(Ljava/lang/String;)V" line="1017"><counter type="INSTRUCTION" missed="4" covered="0"/><counter type="LINE" missed="2" covered="0"/><counter type="COMPLEXITY" missed="1" covered="0"/><counter type="METHOD" missed="1" covered="0"/></method><method name="getComplaineM1FilingReqInd" desc="()Ljava/lang/String;" line="1021"><counter type="INSTRUCTION" missed="3" covered="0"/><counter type="LINE" missed="1" covered="0"/><counter type="COMPLEXITY" missed="1" covered="0"/><counter type="METHOD" missed="1" covered="0"/></method><method name="setComplaineM1FilingReqInd" desc="(Ljava/lang/String;)V" line="1025"><counter type="INSTRUCTION" missed="4" covered="0"/><counter type="LINE" missed="2" covered="0"/><counter type="COMPLEXITY" missed="1" covered="0"/><counter type="METHOD" missed="1" covered="0"/></method><method name="getPreparerForeignAddress2" desc="()Ljava/lang/String;" line="1029"><counter type="INSTRUCTION" missed="3" covered="0"/><counter type="LINE" missed="1" covered="0"/><counter type="COMPLEXITY" missed="1" covered="0"/><counter type="METHOD" missed="1" covered="0"/></method><method name="setPreparerForeignAddress2" desc="(Ljava/lang/String;)V" line="1033"><counter type="INSTRUCTION" missed="4" covered="0"/><counter type="LINE" missed="2" covered="0"/><counter type="COMPLEXITY" missed="1" covered="0"/><counter type="METHOD" missed="1" covered="0"/></method><method name="getSponsManualSignedName" desc="()Ljava/lang/String;" line="1037"><counter type="INSTRUCTION" missed="3" covered="0"/><counter type="LINE" missed="1" covered="0"/><counter type="COMPLEXITY" missed="1" covered="0"/><counter type="METHOD" missed="1" covered="0"/></method><method name="setSponsManualSignedName" desc="(Ljava/lang/String;)V" line="1041"><counter type="INSTRUCTION" missed="4" covered="0"/><counter type="LINE" missed="2" covered="0"/><counter type="COMPLEXITY" missed="1" covered="0"/><counter type="METHOD" missed="1" covered="0"/></method><method name="getSubtlActRtdSepCnt" desc="()Ljava/lang/String;" line="1045"><counter type="INSTRUCTION" missed="3" covered="0"/><counter type="LINE" missed="1" covered="0"/><counter type="COMPLEXITY" missed="1" covered="0"/><counter type="METHOD" missed="1" covered="0"/></method><method name="setSubtlActRtdSepCnt" desc="(Ljava/lang/String;)V" line="1049"><counter type="INSTRUCTION" missed="4" covered="0"/><counter type="LINE" missed="2" covered="0"/><counter type="COMPLEXITY" missed="1" covered="0"/><counter type="METHOD" missed="1" covered="0"/></method><method name="getSchAAttachedInd" desc="()Ljava/lang/String;" line="1053"><counter type="INSTRUCTION" missed="3" covered="0"/><counter type="LINE" missed="1" covered="0"/><counter type="COMPLEXITY" missed="1" covered="0"/><counter type="METHOD" missed="1" covered="0"/></method><method name="setSchAAttachedInd" desc="(Ljava/lang/String;)V" line="1057"><counter type="INSTRUCTION" missed="4" covered="0"/><counter type="LINE" missed="2" covered="0"/><counter type="COMPLEXITY" missed="1" covered="0"/><counter type="METHOD" missed="1" covered="0"/></method><method name="getSponsDefCareOfName" desc="()Ljava/lang/String;" line="1061"><counter type="INSTRUCTION" missed="3" covered="0"/><counter type="LINE" missed="1" covered="0"/><counter type="COMPLEXITY" missed="1" covered="0"/><counter type="METHOD" missed="1" covered="0"/></method><method name="setSponsDefCareOfName" desc="(Ljava/lang/String;)V" line="1065"><counter type="INSTRUCTION" missed="4" covered="0"/><counter type="LINE" missed="2" covered="0"/><counter type="COMPLEXITY" missed="1" covered="0"/><counter type="METHOD" missed="1" covered="0"/></method><method name="getAckId" desc="()Ljava/lang/String;" line="1069"><counter type="INSTRUCTION" missed="3" covered="0"/><counter type="LINE" missed="1" covered="0"/><counter type="COMPLEXITY" missed="1" covered="0"/><counter type="METHOD" missed="1" covered="0"/></method><method name="setAckId" desc="(Ljava/lang/String;)V" line="1073"><counter type="INSTRUCTION" missed="4" covered="0"/><counter type="LINE" missed="2" covered="0"/><counter type="COMPLEXITY" missed="1" covered="0"/><counter type="METHOD" missed="1" covered="0"/></method><method name="getSchIAttachedInd" desc="()Ljava/lang/String;" line="1077"><counter type="INSTRUCTION" missed="3" covered="0"/><counter type="LINE" missed="1" covered="0"/><counter type="COMPLEXITY" missed="1" covered="0"/><counter type="METHOD" missed="1" covered="0"/></method><method name="setSchIAttachedInd" desc="(Ljava/lang/String;)V" line="1081"><counter type="INSTRUCTION" missed="4" covered="0"/><counter type="LINE" missed="2" covered="0"/><counter type="COMPLEXITY" missed="1" covered="0"/><counter type="METHOD" missed="1" covered="0"/></method><method name="getPreparerPhoneNumForeign" desc="()Ljava/lang/String;" line="1085"><counter type="INSTRUCTION" missed="3" covered="0"/><counter type="LINE" missed="1" covered="0"/><counter type="COMPLEXITY" missed="1" covered="0"/><counter type="METHOD" missed="1" covered="0"/></method><method name="setPreparerPhoneNumForeign" desc="(Ljava/lang/String;)V" line="1089"><counter type="INSTRUCTION" missed="4" covered="0"/><counter type="LINE" missed="2" covered="0"/><counter type="COMPLEXITY" missed="1" covered="0"/><counter type="METHOD" missed="1" covered="0"/></method><method name="getValidDefSignature" desc="()Ljava/lang/String;" line="1093"><counter type="INSTRUCTION" missed="3" covered="0"/><counter type="LINE" missed="1" covered="0"/><counter type="COMPLEXITY" missed="1" covered="0"/><counter type="METHOD" missed="1" covered="0"/></method><method name="setValidDefSignature" desc="(Ljava/lang/String;)V" line="1097"><counter type="INSTRUCTION" missed="4" covered="0"/><counter type="LINE" missed="2" covered="0"/><counter type="COMPLEXITY" missed="1" covered="0"/><counter type="METHOD" missed="1" covered="0"/></method><method name="getSchCAttachedInd" desc="()Ljava/lang/String;" line="1101"><counter type="INSTRUCTION" missed="3" covered="0"/><counter type="LINE" missed="1" covered="0"/><counter type="COMPLEXITY" missed="1" covered="0"/><counter type="METHOD" missed="1" covered="0"/></method><method name="setSchCAttachedInd" desc="(Ljava/lang/String;)V" line="1105"><counter type="INSTRUCTION" missed="4" covered="0"/><counter type="LINE" missed="2" covered="0"/><counter type="COMPLEXITY" missed="1" covered="0"/><counter type="METHOD" missed="1" covered="0"/></method><method name="getPreparerUsState" desc="()Ljava/lang/String;" line="1109"><counter type="INSTRUCTION" missed="3" covered="0"/><counter type="LINE" missed="1" covered="0"/><counter type="COMPLEXITY" missed="1" covered="0"/><counter type="METHOD" missed="1" covered="0"/></method><method name="setPreparerUsState" desc="(Ljava/lang/String;)V" line="1113"><counter type="INSTRUCTION" missed="4" covered="0"/><counter type="LINE" missed="2" covered="0"/><counter type="COMPLEXITY" missed="1" covered="0"/><counter type="METHOD" missed="1" covered="0"/></method><method name="getTypePlanEntiyCd" desc="()Ljava/lang/String;" line="1117"><counter type="INSTRUCTION" missed="3" covered="0"/><counter type="LINE" missed="1" covered="0"/><counter type="COMPLEXITY" missed="1" covered="0"/><counter type="METHOD" missed="1" covered="0"/></method><method name="setTypePlanEntiyCd" desc="(Ljava/lang/String;)V" line="1121"><counter type="INSTRUCTION" missed="4" covered="0"/><counter type="LINE" missed="2" covered="0"/><counter type="COMPLEXITY" missed="1" covered="0"/><counter type="METHOD" missed="1" covered="0"/></method><method name="getSponsDefLocForgnProvSt" desc="()Ljava/lang/String;" line="1125"><counter type="INSTRUCTION" missed="3" covered="0"/><counter type="LINE" missed="1" covered="0"/><counter type="COMPLEXITY" missed="1" covered="0"/><counter type="METHOD" missed="1" covered="0"/></method><method name="setSponsDefLocForgnProvSt" desc="(Ljava/lang/String;)V" line="1129"><counter type="INSTRUCTION" missed="4" covered="0"/><counter type="LINE" missed="2" covered="0"/><counter type="COMPLEXITY" missed="1" covered="0"/><counter type="METHOD" missed="1" covered="0"/></method><method name="getSchMBAttachedInd" desc="()Ljava/lang/String;" line="1133"><counter type="INSTRUCTION" missed="3" covered="0"/><counter type="LINE" missed="1" covered="0"/><counter type="COMPLEXITY" missed="1" covered="0"/><counter type="METHOD" missed="1" covered="0"/></method><method name="setSchMBAttachedInd" desc="(Ljava/lang/String;)V" line="1137"><counter type="INSTRUCTION" missed="4" covered="0"/><counter type="LINE" missed="2" covered="0"/><counter type="COMPLEXITY" missed="1" covered="0"/><counter type="METHOD" missed="1" covered="0"/></method><method name="getAdminForeignProvState" desc="()Ljava/lang/String;" line="1141"><counter type="INSTRUCTION" missed="3" covered="0"/><counter type="LINE" missed="1" covered="0"/><counter type="COMPLEXITY" missed="1" covered="0"/><counter type="METHOD" missed="1" covered="0"/></method><method name="setAdminForeignProvState" desc="(Ljava/lang/String;)V" line="1145"><counter type="INSTRUCTION" missed="4" covered="0"/><counter type="LINE" missed="2" covered="0"/><counter type="COMPLEXITY" missed="1" covered="0"/><counter type="METHOD" missed="1" covered="0"/></method><method name="getValidAdminSignature" desc="()Ljava/lang/String;" line="1149"><counter type="INSTRUCTION" missed="3" covered="0"/><counter type="LINE" missed="1" covered="0"/><counter type="COMPLEXITY" missed="1" covered="0"/><counter type="METHOD" missed="1" covered="0"/></method><method name="setValidAdminSignature" desc="(Ljava/lang/String;)V" line="1153"><counter type="INSTRUCTION" missed="4" covered="0"/><counter type="LINE" missed="2" covered="0"/><counter type="COMPLEXITY" missed="1" covered="0"/><counter type="METHOD" missed="1" covered="0"/></method><method name="getSponsorDefName" desc="()Ljava/lang/String;" line="1157"><counter type="INSTRUCTION" missed="3" covered="0"/><counter type="LINE" missed="1" covered="0"/><counter type="COMPLEXITY" missed="1" covered="0"/><counter type="METHOD" missed="1" covered="0"/></method><method name="setSponsorDefName" desc="(Ljava/lang/String;)V" line="1161"><counter type="INSTRUCTION" missed="4" covered="0"/><counter type="LINE" missed="2" covered="0"/><counter type="COMPLEXITY" missed="1" covered="0"/><counter type="METHOD" missed="1" covered="0"/></method><method name="getSponsDefMailUsAddress2" desc="()Ljava/lang/String;" line="1165"><counter type="INSTRUCTION" missed="3" covered="0"/><counter type="LINE" missed="1" covered="0"/><counter type="COMPLEXITY" missed="1" covered="0"/><counter type="METHOD" missed="1" covered="0"/></method><method name="setSponsDefMailUsAddress2" desc="(Ljava/lang/String;)V" line="1169"><counter type="INSTRUCTION" missed="4" covered="0"/><counter type="LINE" missed="2" covered="0"/><counter type="COMPLEXITY" missed="1" covered="0"/><counter type="METHOD" missed="1" covered="0"/></method><method name="getTotActPartcpBoyCnt" desc="()Ljava/lang/String;" line="1173"><counter type="INSTRUCTION" missed="3" covered="0"/><counter type="LINE" missed="1" covered="0"/><counter type="COMPLEXITY" missed="1" covered="0"/><counter type="METHOD" missed="1" covered="0"/></method><method name="setTotActPartcpBoyCnt" desc="(Ljava/lang/String;)V" line="1177"><counter type="INSTRUCTION" missed="4" covered="0"/><counter type="LINE" missed="2" covered="0"/><counter type="COMPLEXITY" missed="1" covered="0"/><counter type="METHOD" missed="1" covered="0"/></method><method name="getF5558ApplicationFiledInd" desc="()Ljava/lang/String;" line="1181"><counter type="INSTRUCTION" missed="3" covered="0"/><counter type="LINE" missed="1" covered="0"/><counter type="COMPLEXITY" missed="1" covered="0"/><counter type="METHOD" missed="1" covered="0"/></method><method name="setF5558ApplicationFiledInd" desc="(Ljava/lang/String;)V" line="1185"><counter type="INSTRUCTION" missed="4" covered="0"/><counter type="LINE" missed="2" covered="0"/><counter type="COMPLEXITY" missed="1" covered="0"/><counter type="METHOD" missed="1" covered="0"/></method><method name="getExtSpecialInd" desc="()Ljava/lang/String;" line="1189"><counter type="INSTRUCTION" missed="3" covered="0"/><counter type="LINE" missed="1" covered="0"/><counter type="COMPLEXITY" missed="1" covered="0"/><counter type="METHOD" missed="1" covered="0"/></method><method name="setExtSpecialInd" desc="(Ljava/lang/String;)V" line="1193"><counter type="INSTRUCTION" missed="4" covered="0"/><counter type="LINE" missed="2" covered="0"/><counter type="COMPLEXITY" missed="1" covered="0"/><counter type="METHOD" missed="1" covered="0"/></method><method name="getAmendedInd" desc="()Ljava/lang/String;" line="1197"><counter type="INSTRUCTION" missed="3" covered="0"/><counter type="LINE" missed="1" covered="0"/><counter type="COMPLEXITY" missed="1" covered="0"/><counter type="METHOD" missed="1" covered="0"/></method><method name="setAmendedInd" desc="(Ljava/lang/String;)V" line="1201"><counter type="INSTRUCTION" missed="4" covered="0"/><counter type="LINE" missed="2" covered="0"/><counter type="COMPLEXITY" missed="1" covered="0"/><counter type="METHOD" missed="1" covered="0"/></method><method name="getAdminCareOfName" desc="()Ljava/lang/String;" line="1205"><counter type="INSTRUCTION" missed="3" covered="0"/><counter type="LINE" missed="1" covered="0"/><counter type="COMPLEXITY" missed="1" covered="0"/><counter type="METHOD" missed="1" covered="0"/></method><method name="setAdminCareOfName" desc="(Ljava/lang/String;)V" line="1209"><counter type="INSTRUCTION" missed="4" covered="0"/><counter type="LINE" missed="2" covered="0"/><counter type="COMPLEXITY" missed="1" covered="0"/><counter type="METHOD" missed="1" covered="0"/></method><method name="getInitialFilingInd" desc="()Ljava/lang/String;" line="1213"><counter type="INSTRUCTION" missed="3" covered="0"/><counter type="LINE" missed="1" covered="0"/><counter type="COMPLEXITY" missed="1" covered="0"/><counter type="METHOD" missed="1" covered="0"/></method><method name="setInitialFilingInd" desc="(Ljava/lang/String;)V" line="1217"><counter type="INSTRUCTION" missed="4" covered="0"/><counter type="LINE" missed="2" covered="0"/><counter type="COMPLEXITY" missed="1" covered="0"/><counter type="METHOD" missed="1" covered="0"/></method><method name="getTypePensionBnftCode" desc="()Ljava/lang/String;" line="1221"><counter type="INSTRUCTION" missed="3" covered="0"/><counter type="LINE" missed="1" covered="0"/><counter type="COMPLEXITY" missed="1" covered="0"/><counter type="METHOD" missed="1" covered="0"/></method><method name="setTypePensionBnftCode" desc="(Ljava/lang/String;)V" line="1225"><counter type="INSTRUCTION" missed="4" covered="0"/><counter type="LINE" missed="2" covered="0"/><counter type="COMPLEXITY" missed="1" covered="0"/><counter type="METHOD" missed="1" covered="0"/></method><method name="getPreparerForeignCity" desc="()Ljava/lang/String;" line="1229"><counter type="INSTRUCTION" missed="3" covered="0"/><counter type="LINE" missed="1" covered="0"/><counter type="COMPLEXITY" missed="1" covered="0"/><counter type="METHOD" missed="1" covered="0"/></method><method name="setPreparerForeignCity" desc="(Ljava/lang/String;)V" line="1233"><counter type="INSTRUCTION" missed="4" covered="0"/><counter type="LINE" missed="2" covered="0"/><counter type="COMPLEXITY" missed="1" covered="0"/><counter type="METHOD" missed="1" covered="0"/></method><method name="getSponsDefLocUSState" desc="()Ljava/lang/String;" line="1237"><counter type="INSTRUCTION" missed="3" covered="0"/><counter type="LINE" missed="1" covered="0"/><counter type="COMPLEXITY" missed="1" covered="0"/><counter type="METHOD" missed="1" covered="0"/></method><method name="setSponsDefLocUSState" desc="(Ljava/lang/String;)V" line="1241"><counter type="INSTRUCTION" missed="4" covered="0"/><counter type="LINE" missed="2" covered="0"/><counter type="COMPLEXITY" missed="1" covered="0"/><counter type="METHOD" missed="1" covered="0"/></method><method name="getPreparerForeignCntry" desc="()Ljava/lang/String;" line="1245"><counter type="INSTRUCTION" missed="3" covered="0"/><counter type="LINE" missed="1" covered="0"/><counter type="COMPLEXITY" missed="1" covered="0"/><counter type="METHOD" missed="1" covered="0"/></method><method name="setPreparerForeignCntry" desc="(Ljava/lang/String;)V" line="1249"><counter type="INSTRUCTION" missed="4" covered="0"/><counter type="LINE" missed="2" covered="0"/><counter type="COMPLEXITY" missed="1" covered="0"/><counter type="METHOD" missed="1" covered="0"/></method><method name="getBenefitGenAssetInd" desc="()Ljava/lang/String;" line="1253"><counter type="INSTRUCTION" missed="3" covered="0"/><counter type="LINE" missed="1" covered="0"/><counter type="COMPLEXITY" missed="1" covered="0"/><counter type="METHOD" missed="1" covered="0"/></method><method name="setBenefitGenAssetInd" desc="(Ljava/lang/String;)V" line="1257"><counter type="INSTRUCTION" missed="4" covered="0"/><counter type="LINE" missed="2" covered="0"/><counter type="COMPLEXITY" missed="1" covered="0"/><counter type="METHOD" missed="1" covered="0"/></method><method name="getPreparerUsZip" desc="()Ljava/lang/String;" line="1261"><counter type="INSTRUCTION" missed="3" covered="0"/><counter type="LINE" missed="1" covered="0"/><counter type="COMPLEXITY" missed="1" covered="0"/><counter type="METHOD" missed="1" covered="0"/></method><method name="setPreparerUsZip" desc="(Ljava/lang/String;)V" line="1265"><counter type="INSTRUCTION" missed="4" covered="0"/><counter type="LINE" missed="2" covered="0"/><counter type="COMPLEXITY" missed="1" covered="0"/><counter type="METHOD" missed="1" covered="0"/></method><method name="getPath" desc="()Ljava/lang/String;" line="1269"><counter type="INSTRUCTION" missed="3" covered="0"/><counter type="LINE" missed="1" covered="0"/><counter type="COMPLEXITY" missed="1" covered="0"/><counter type="METHOD" missed="1" covered="0"/></method><method name="setPath" desc="(Ljava/lang/String;)V" line="1273"><counter type="INSTRUCTION" missed="4" covered="0"/><counter type="LINE" missed="2" covered="0"/><counter type="COMPLEXITY" missed="1" covered="0"/><counter type="METHOD" missed="1" covered="0"/></method><method name="getDefManualSignedName" desc="()Ljava/lang/String;" line="1277"><counter type="INSTRUCTION" missed="3" covered="0"/><counter type="LINE" missed="1" covered="0"/><counter type="COMPLEXITY" missed="1" covered="0"/><counter type="METHOD" missed="1" covered="0"/></method><method name="setDefManualSignedName" desc="(Ljava/lang/String;)V" line="1281"><counter type="INSTRUCTION" missed="4" covered="0"/><counter type="LINE" missed="2" covered="0"/><counter type="COMPLEXITY" missed="1" covered="0"/><counter type="METHOD" missed="1" covered="0"/></method><method name="getSponsDefMailForgnPostalCd" desc="()Ljava/lang/String;" line="1285"><counter type="INSTRUCTION" missed="3" covered="0"/><counter type="LINE" missed="1" covered="0"/><counter type="COMPLEXITY" missed="1" covered="0"/><counter type="METHOD" missed="1" covered="0"/></method><method name="setSponsDefMailForgnPostalCd" desc="(Ljava/lang/String;)V" line="1289"><counter type="INSTRUCTION" missed="4" covered="0"/><counter type="LINE" missed="2" covered="0"/><counter type="COMPLEXITY" missed="1" covered="0"/><counter type="METHOD" missed="1" covered="0"/></method><method name="getTotActivePartcpCnt" desc="()Ljava/lang/String;" line="1293"><counter type="INSTRUCTION" missed="3" covered="0"/><counter type="LINE" missed="1" covered="0"/><counter type="COMPLEXITY" missed="1" covered="0"/><counter type="METHOD" missed="1" covered="0"/></method><method name="setTotActivePartcpCnt" desc="(Ljava/lang/String;)V" line="1297"><counter type="INSTRUCTION" missed="4" covered="0"/><counter type="LINE" missed="2" covered="0"/><counter type="COMPLEXITY" missed="1" covered="0"/><counter type="METHOD" missed="1" covered="0"/></method><method name="getMessage" desc="()Ljava/lang/String;" line="1301"><counter type="INSTRUCTION" missed="3" covered="0"/><counter type="LINE" missed="1" covered="0"/><counter type="COMPLEXITY" missed="1" covered="0"/><counter type="METHOD" missed="1" covered="0"/></method><method name="setMessage" desc="(Ljava/lang/String;)V" line="1305"><counter type="INSTRUCTION" missed="4" covered="0"/><counter type="LINE" missed="2" covered="0"/><counter type="COMPLEXITY" missed="1" covered="0"/><counter type="METHOD" missed="1" covered="0"/></method><method name="getTotActRtdSepBenefCnt" desc="()Ljava/lang/String;" line="1309"><counter type="INSTRUCTION" missed="3" covered="0"/><counter type="LINE" missed="1" covered="0"/><counter type="COMPLEXITY" missed="1" covered="0"/><counter type="METHOD" missed="1" covered="0"/></method><method name="setTotActRtdSepBenefCnt" desc="(Ljava/lang/String;)V" line="1313"><counter type="INSTRUCTION" missed="4" covered="0"/><counter type="LINE" missed="2" covered="0"/><counter type="COMPLEXITY" missed="1" covered="0"/><counter type="METHOD" missed="1" covered="0"/></method><method name="getSponsdefLocForeignCity" desc="()Ljava/lang/String;" line="1317"><counter type="INSTRUCTION" missed="3" covered="0"/><counter type="LINE" missed="1" covered="0"/><counter type="COMPLEXITY" missed="1" covered="0"/><counter type="METHOD" missed="1" covered="0"/></method><method name="setSponsdefLocForeignCity" desc="(Ljava/lang/String;)V" line="1321"><counter type="INSTRUCTION" missed="4" covered="0"/><counter type="LINE" missed="2" covered="0"/><counter type="COMPLEXITY" missed="1" covered="0"/><counter type="METHOD" missed="1" covered="0"/></method><method name="getBusinessCode" desc="()Ljava/lang/String;" line="1325"><counter type="INSTRUCTION" missed="3" covered="0"/><counter type="LINE" missed="1" covered="0"/><counter type="COMPLEXITY" missed="1" covered="0"/><counter type="METHOD" missed="1" covered="0"/></method><method name="setBusinessCode" desc="(Ljava/lang/String;)V" line="1329"><counter type="INSTRUCTION" missed="4" covered="0"/><counter type="LINE" missed="2" covered="0"/><counter type="COMPLEXITY" missed="1" covered="0"/><counter type="METHOD" missed="1" covered="0"/></method><method name="getAdminEin" desc="()Ljava/lang/String;" line="1333"><counter type="INSTRUCTION" missed="3" covered="0"/><counter type="LINE" missed="1" covered="0"/><counter type="COMPLEXITY" missed="1" covered="0"/><counter type="METHOD" missed="1" covered="0"/></method><method name="setAdminEin" desc="(Ljava/lang/String;)V" line="1337"><counter type="INSTRUCTION" missed="4" covered="0"/><counter type="LINE" missed="2" covered="0"/><counter type="COMPLEXITY" missed="1" covered="0"/><counter type="METHOD" missed="1" covered="0"/></method><method name="getAdminName" desc="()Ljava/lang/String;" line="1341"><counter type="INSTRUCTION" missed="3" covered="0"/><counter type="LINE" missed="1" covered="0"/><counter type="COMPLEXITY" missed="1" covered="0"/><counter type="METHOD" missed="1" covered="0"/></method><method name="setAdminName" desc="(Ljava/lang/String;)V" line="1345"><counter type="INSTRUCTION" missed="4" covered="0"/><counter type="LINE" missed="2" covered="0"/><counter type="COMPLEXITY" missed="1" covered="0"/><counter type="METHOD" missed="1" covered="0"/></method><method name="getHost" desc="()Ljava/lang/String;" line="1349"><counter type="INSTRUCTION" missed="3" covered="0"/><counter type="LINE" missed="1" covered="0"/><counter type="COMPLEXITY" missed="1" covered="0"/><counter type="METHOD" missed="1" covered="0"/></method><method name="setHost" desc="(Ljava/lang/String;)V" line="1353"><counter type="INSTRUCTION" missed="4" covered="0"/><counter type="LINE" missed="2" covered="0"/><counter type="COMPLEXITY" missed="1" covered="0"/><counter type="METHOD" missed="1" covered="0"/></method><method name="getSponsDefMailForeignAddr1" desc="()Ljava/lang/String;" line="1357"><counter type="INSTRUCTION" missed="3" covered="0"/><counter type="LINE" missed="1" covered="0"/><counter type="COMPLEXITY" missed="1" covered="0"/><counter type="METHOD" missed="1" covered="0"/></method><method name="setSponsDefMailForeignAddr1" desc="(Ljava/lang/String;)V" line="1361"><counter type="INSTRUCTION" missed="4" covered="0"/><counter type="LINE" missed="2" covered="0"/><counter type="COMPLEXITY" missed="1" covered="0"/><counter type="METHOD" missed="1" covered="0"/></method><method name="getExtSpecialT
[...]
"0" ci="3" mb="0" cb="0"/><line nr="573" mi="3" ci="0" mb="0" cb="0"/><line nr="577" mi="3" ci="0" mb="0" cb="0"/><line nr="578" mi="1" ci="0" mb="0" cb="0"/><line nr="581" mi="3" ci="0" mb="0" cb="0"/><line nr="585" mi="3" ci="0" mb="0" cb="0"/><line nr="586" mi="1" ci="0" mb="0" cb="0"/><line nr="589" mi="3" ci="0" mb="0" cb="0"/><line nr="593" mi="3" ci="0" mb="0" cb="0"/><line nr="594" mi="1" ci="0" mb="0" cb="0"/><line nr="597" mi="3" ci="0" mb="0" cb="0"/><line nr="601" mi="3" ci="0" mb="0" cb="0"/><line nr="602" mi="1" ci="0" mb="0" cb="0"/><line nr="605" mi="3" ci="0" mb="0" cb="0"/><line nr="609" mi="3" ci="0" mb="0" cb="0"/><line nr="610" mi="1" ci="0" mb="0" cb="0"/><line nr="613" mi="3" ci="0" mb="0" cb="0"/><line nr="617" mi="3" ci="0" mb="0" cb="0"/><line nr="618" mi="1" ci="0" mb="0" cb="0"/><line nr="621" mi="3" ci="0" mb="0" cb="0"/><line nr="625" mi="3" ci="0" mb="0" cb="0"/><line nr="626" mi="1" ci="0" mb="0" cb="0"/><line nr="629" mi="3" ci="0" mb="0" cb="0"/><line nr="633" mi="3" ci="0" mb="0" cb="0"/><line nr="634" mi="1" ci="0" mb="0" cb="0"/><line nr="637" mi="3" ci="0" mb="0" cb="0"/><line nr="641" mi="3" ci="0" mb="0" cb="0"/><line nr="642" mi="1" ci="0" mb="0" cb="0"/><line nr="645" mi="3" ci="0" mb="0" cb="0"/><line nr="649" mi="3" ci="0" mb="0" cb="0"/><line nr="650" mi="1" ci="0" mb="0" cb="0"/><line nr="653" mi="3" ci="0" mb="0" cb="0"/><line nr="657" mi="3" ci="0" mb="0" cb="0"/><line nr="658" mi="1" ci="0" mb="0" cb="0"/><line nr="661" mi="3" ci="0" mb="0" cb="0"/><line nr="665" mi="3" ci="0" mb="0" cb="0"/><line nr="666" mi="1" ci="0" mb="0" cb="0"/><line nr="669" mi="3" ci="0" mb="0" cb="0"/><line nr="673" mi="3" ci="0" mb="0" cb="0"/><line nr="674" mi="1" ci="0" mb="0" cb="0"/><line nr="677" mi="3" ci="0" mb="0" cb="0"/><line nr="681" mi="3" ci="0" mb="0" cb="0"/><line nr="682" mi="1" ci="0" mb="0" cb="0"/><line nr="685" mi="3" ci="0" mb="0" cb="0"/><line nr="689" mi="3" ci="0" mb="0" cb="0"/><line nr="690" mi="1" ci="0" mb="0" cb="0"/><line nr="693" mi="3" ci="0" mb="0" cb="0"/><line nr="697" mi="3" ci="0" mb="0" cb="0"/><line nr="698" mi="1" ci="0" mb="0" cb="0"/><line nr="701" mi="3" ci="0" mb="0" cb="0"/><line nr="705" mi="3" ci="0" mb="0" cb="0"/><line nr="706" mi="1" ci="0" mb="0" cb="0"/><line nr="709" mi="3" ci="0" mb="0" cb="0"/><line nr="713" mi="3" ci="0" mb="0" cb="0"/><line nr="714" mi="1" ci="0" mb="0" cb="0"/><line nr="717" mi="3" ci="0" mb="0" cb="0"/><line nr="721" mi="3" ci="0" mb="0" cb="0"/><line nr="722" mi="1" ci="0" mb="0" cb="0"/><line nr="725" mi="3" ci="0" mb="0" cb="0"/><line nr="729" mi="3" ci="0" mb="0" cb="0"/><line nr="730" mi="1" ci="0" mb="0" cb="0"/><line nr="733" mi="3" ci="0" mb="0" cb="0"/><line nr="737" mi="3" ci="0" mb="0" cb="0"/><line nr="738" mi="1" ci="0" mb="0" cb="0"/><line nr="741" mi="3" ci="0" mb="0" cb="0"/><line nr="745" mi="3" ci="0" mb="0" cb="0"/><line nr="746" mi="1" ci="0" mb="0" cb="0"/><line nr="749" mi="3" ci="0" mb="0" cb="0"/><line nr="753" mi="3" ci="0" mb="0" cb="0"/><line nr="754" mi="1" ci="0" mb="0" cb="0"/><line nr="757" mi="3" ci="0" mb="0" cb="0"/><line nr="761" mi="3" ci="0" mb="0" cb="0"/><line nr="762" mi="1" ci="0" mb="0" cb="0"/><line nr="765" mi="3" ci="0" mb="0" cb="0"/><line nr="769" mi="3" ci="0" mb="0" cb="0"/><line nr="770" mi="1" ci="0" mb="0" cb="0"/><line nr="773" mi="3" ci="0" mb="0" cb="0"/><line nr="777" mi="3" ci="0" mb="0" cb="0"/><line nr="778" mi="1" ci="0" mb="0" cb="0"/><line nr="781" mi="3" ci="0" mb="0" cb="0"/><line nr="785" mi="3" ci="0" mb="0" cb="0"/><line nr="786" mi="1" ci="0" mb="0" cb="0"/><line nr="789" mi="3" ci="0" mb="0" cb="0"/><line nr="793" mi="3" ci="0" mb="0" cb="0"/><line nr="794" mi="1" ci="0" mb="0" cb="0"/><line nr="797" mi="3" ci="0" mb="0" cb="0"/><line nr="801" mi="3" ci="0" mb="0" cb="0"/><line nr="802" mi="1" ci="0" mb="0" cb="0"/><line nr="805" mi="3" ci="0" mb="0" cb="0"/><line nr="809" mi="3" ci="0" mb="0" cb="0"/><line nr="810" mi="1" ci="0" mb="0" cb="0"/><line nr="813" mi="3" ci="0" mb="0" cb="0"/><line nr="817" mi="3" ci="0" mb="0" cb="0"/><line nr="818" mi="1" ci="0" mb="0" cb="0"/><line nr="821" mi="3" ci="0" mb="0" cb="0"/><line nr="825" mi="3" ci="0" mb="0" cb="0"/><line nr="826" mi="1" ci="0" mb="0" cb="0"/><line nr="829" mi="3" ci="0" mb="0" cb="0"/><line nr="833" mi="3" ci="0" mb="0" cb="0"/><line nr="834" mi="1" ci="0" mb="0" cb="0"/><line nr="837" mi="3" ci="0" mb="0" cb="0"/><line nr="841" mi="3" ci="0" mb="0" cb="0"/><line nr="842" mi="1" ci="0" mb="0" cb="0"/><line nr="845" mi="3" ci="0" mb="0" cb="0"/><line nr="849" mi="3" ci="0" mb="0" cb="0"/><line nr="850" mi="1" ci="0" mb="0" cb="0"/><line nr="853" mi="3" ci="0" mb="0" cb="0"/><line nr="857" mi="3" ci="0" mb="0" cb="0"/><line nr="858" mi="1" ci="0" mb="0" cb="0"/><line nr="861" mi="3" ci="0" mb="0" cb="0"/><line nr="865" mi="3" ci="0" mb="0" cb="0"/><line nr="866" mi="1" ci="0" mb="0" cb="0"/><line nr="869" mi="3" ci="0" mb="0" cb="0"/><line nr="873" mi="3" ci="0" mb="0" cb="0"/><line nr="874" mi="1" ci="0" mb="0" cb="0"/><line nr="877" mi="3" ci="0" mb="0" cb="0"/><line nr="881" mi="3" ci="0" mb="0" cb="0"/><line nr="882" mi="1" ci="0" mb="0" cb="0"/><line nr="885" mi="3" ci="0" mb="0" cb="0"/><line nr="889" mi="3" ci="0" mb="0" cb="0"/><line nr="890" mi="1" ci="0" mb="0" cb="0"/><line nr="893" mi="3" ci="0" mb="0" cb="0"/><line nr="897" mi="3" ci="0" mb="0" cb="0"/><line nr="898" mi="1" ci="0" mb="0" cb="0"/><line nr="901" mi="3" ci="0" mb="0" cb="0"/><line nr="905" mi="3" ci="0" mb="0" cb="0"/><line nr="906" mi="1" ci="0" mb="0" cb="0"/><line nr="909" mi="3" ci="0" mb="0" cb="0"/><line nr="913" mi="3" ci="0" mb="0" cb="0"/><line nr="914" mi="1" ci="0" mb="0" cb="0"/><line nr="917" mi="3" ci="0" mb="0" cb="0"/><line nr="921" mi="3" ci="0" mb="0" cb="0"/><line nr="922" mi="1" ci="0" mb="0" cb="0"/><line nr="925" mi="3" ci="0" mb="0" cb="0"/><line nr="929" mi="3" ci="0" mb="0" cb="0"/><line nr="930" mi="1" ci="0" mb="0" cb="0"/><line nr="933" mi="3" ci="0" mb="0" cb="0"/><line nr="937" mi="3" ci="0" mb="0" cb="0"/><line nr="938" mi="1" ci="0" mb="0" cb="0"/><line nr="941" mi="3" ci="0" mb="0" cb="0"/><line nr="945" mi="3" ci="0" mb="0" cb="0"/><line nr="946" mi="1" ci="0" mb="0" cb="0"/><line nr="949" mi="3" ci="0" mb="0" cb="0"/><line nr="953" mi="3" ci="0" mb="0" cb="0"/><line nr="954" mi="1" ci="0" mb="0" cb="0"/><line nr="957" mi="3" ci="0" mb="0" cb="0"/><line nr="961" mi="3" ci="0" mb="0" cb="0"/><line nr="962" mi="1" ci="0" mb="0" cb="0"/><line nr="965" mi="3" ci="0" mb="0" cb="0"/><line nr="969" mi="3" ci="0" mb="0" cb="0"/><line nr="970" mi="1" ci="0" mb="0" cb="0"/><line nr="973" mi="3" ci="0" mb="0" cb="0"/><line nr="977" mi="3" ci="0" mb="0" cb="0"/><line nr="978" mi="1" ci="0" mb="0" cb="0"/><line nr="981" mi="3" ci="0" mb="0" cb="0"/><line nr="985" mi="3" ci="0" mb="0" cb="0"/><line nr="986" mi="1" ci="0" mb="0" cb="0"/><line nr="989" mi="3" ci="0" mb="0" cb="0"/><line nr="993" mi="3" ci="0" mb="0" cb="0"/><line nr="994" mi="1" ci="0" mb="0" cb="0"/><line nr="997" mi="3" ci="0" mb="0" cb="0"/><line nr="1001" mi="3" ci="0" mb="0" cb="0"/><line nr="1002" mi="1" ci="0" mb="0" cb="0"/><line nr="1005" mi="3" ci="0" mb="0" cb="0"/><line nr="1009" mi="3" ci="0" mb="0" cb="0"/><line nr="1010" mi="1" ci="0" mb="0" cb="0"/><line nr="1013" mi="3" ci="0" mb="0" cb="0"/><line nr="1017" mi="3" ci="0" mb="0" cb="0"/><line nr="1018" mi="1" ci="0" mb="0" cb="0"/><line nr="1021" mi="3" ci="0" mb="0" cb="0"/><line nr="1025" mi="3" ci="0" mb="0" cb="0"/><line nr="1026" mi="1" ci="0" mb="0" cb="0"/><line nr="1029" mi="3" ci="0" mb="0" cb="0"/><line nr="1033" mi="3" ci="0" mb="0" cb="0"/><line nr="1034" mi="1" ci="0" mb="0" cb="0"/><line nr="1037" mi="3" ci="0" mb="0" cb="0"/><line nr="1041" mi="3" ci="0" mb="0" cb="0"/><line nr="1042" mi="1" ci="0" mb="0" cb="0"/><line nr="1045" mi="3" ci="0" mb="0" cb="0"/><line nr="1049" mi="3" ci="0" mb="0" cb="0"/><line nr="1050" mi="1" ci="0" mb="0" cb="0"/><line nr="1053" mi="3" ci="0" mb="0" cb="0"/><line nr="1057" mi="3" ci="0" mb="0" cb="0"/><line nr="1058" mi="1" ci="0" mb="0" cb="0"/><line nr="1061" mi="3" ci="0" mb="0" cb="0"/><line nr="1065" mi="3" ci="0" mb="0" cb="0"/><line nr="1066" mi="1" ci="0" mb="0" cb="0"/><line nr="1069" mi="3" ci="0" mb="0" cb="0"/><line nr="1073" mi="3" ci="0" mb="0" cb="0"/><line nr="1074" mi="1" ci="0" mb="0" cb="0"/><line nr="1077" mi="3" ci="0" mb="0" cb="0"/><line nr="1081" mi="3" ci="0" mb="0" cb="0"/><line nr="1082" mi="1" ci="0" mb="0" cb="0"/><line nr="1085" mi="3" ci="0" mb="0" cb="0"/><line nr="1089" mi="3" ci="0" mb="0" cb="0"/><line nr="1090" mi="1" ci="0" mb="0" cb="0"/><line nr="1093" mi="3" ci="0" mb="0" cb="0"/><line nr="1097" mi="3" ci="0" mb="0" cb="0"/><line nr="1098" mi="1" ci="0" mb="0" cb="0"/><line nr="1101" mi="3" ci="0" mb="0" cb="0"/><line nr="1105" mi="3" ci="0" mb="0" cb="0"/><line nr="1106" mi="1" ci="0" mb="0" cb="0"/><line nr="1109" mi="3" ci="0" mb="0" cb="0"/><line nr="1113" mi="3" ci="0" mb="0" cb="0"/><line nr="1114" mi="1" ci="0" mb="0" cb="0"/><line nr="1117" mi="3" ci="0" mb="0" cb="0"/><line nr="1121" mi="3" ci="0" mb="0" cb="0"/><line nr="1122" mi="1" ci="0" mb="0" cb="0"/><line nr="1125" mi="3" ci="0" mb="0" cb="0"/><line nr="1129" mi="3" ci="0" mb="0" cb="0"/><line nr="1130" mi="1" ci="0" mb="0" cb="0"/><line nr="1133" mi="3" ci="0" mb="0" cb="0"/><line nr="1137" mi="3" ci="0" mb="0" cb="0"/><line nr="1138" mi="1" ci="0" mb="0" cb="0"/><line nr="1141" mi="3" ci="0" mb="0" cb="0"/><line nr="1145" mi="3" ci="0" mb="0" cb="0"/><line nr="1146" mi="1" ci="0" mb="0" cb="0"/><line nr="1149" mi="3" ci="0" mb="0" cb="0"/><line nr="1153" mi="3" ci="0" mb="0" cb="0"/><line nr="1154" mi="1" ci="0" mb="0" cb="0"/><line nr="1157" mi="3" ci="0" mb="0" cb="0"/><line nr="1161" mi="3" ci="0" mb="0" cb="0"/><line nr="1162" mi="1" ci="0" mb="0" cb="0"/><line nr="1165" mi="3" ci="0" mb="0" cb="0"/><line nr="1169" mi="3" ci="0" mb="0" cb="0"/><line nr="1170" mi="1" ci="0" mb="0" cb="0"/><line nr="1173" mi="3" ci="0" mb="0" cb="0"/><line nr="1177" mi="3" ci="0" mb="0" cb="0"/><line nr="1178" mi="1" ci="0" mb="0" cb="0"/><line nr="1181" mi="3" ci="0" mb="0" cb="0"/><line nr="1185" mi="3" ci="0" mb="0" cb="0"/><line nr="1186" mi="1" ci="0" mb="0" cb="0"/><line nr="1189" mi="3" ci="0" mb="0" cb="0"/><line nr="1193" mi="3" ci="0" mb="0" cb="0"/><line nr="1194" mi="1" ci="0" mb="0" cb="0"/><line nr="1197" mi="3" ci="0" mb="0" cb="0"/><line nr="1201" mi="3" ci="0" mb="0" cb="0"/><line nr="1202" mi="1" ci="0" mb="0" cb="0"/><line nr="1205" mi="3" ci="0" mb="0" cb="0"/><line nr="1209" mi="3" ci="0" mb="0" cb="0"/><line nr="1210" mi="1" ci="0" mb="0" cb="0"/><line nr="1213" mi="3" ci="0" mb="0" cb="0"/><line nr="1217" mi="3" ci="0" mb="0" cb="0"/><line nr="1218" mi="1" ci="0" mb="0" cb="0"/><line nr="1221" mi="3" ci="0" mb="0" cb="0"/><line nr="1225" mi="3" ci="0" mb="0" cb="0"/><line nr="1226" mi="1" ci="0" mb="0" cb="0"/><line nr="1229" mi="3" ci="0" mb="0" cb="0"/><line nr="1233" mi="3" ci="0" mb="0" cb="0"/><line nr="1234" mi="1" ci="0" mb="0" cb="0"/><line nr="1237" mi="3" ci="0" mb="0" cb="0"/><line nr="1241" mi="3" ci="0" mb="0" cb="0"/><line nr="1242" mi="1" ci="0" mb="0" cb="0"/><line nr="1245" mi="3" ci="0" mb="0" cb="0"/><line nr="1249" mi="3" ci="0" mb="0" cb="0"/><line nr="1250" mi="1" ci="0" mb="0" cb="0"/><line nr="1253" mi="3" ci="0" mb="0" cb="0"/><line nr="1257" mi="3" ci="0" mb="0" cb="0"/><line nr="1258" mi="1" ci="0" mb="0" cb="0"/><line nr="1261" mi="3" ci="0" mb="0" cb="0"/><line nr="1265" mi="3" ci="0" mb="0" cb="0"/><line nr="1266" mi="1" ci="0" mb="0" cb="0"/><line nr="1269" mi="3" ci="0" mb="0" cb="0"/><line nr="1273" mi="3" ci="0" mb="0" cb="0"/><line nr="1274" mi="1" ci="0" mb="0" cb="0"/><line nr="1277" mi="3" ci="0" mb="0" cb="0"/><line nr="1281" mi="3" ci="0" mb="0" cb="0"/><line nr="1282" mi="1" ci="0" mb="0" cb="0"/><line nr="1285" mi="3" ci="0" mb="0" cb="0"/><line nr="1289" mi="3" ci="0" mb="0" cb="0"/><line nr="1290" mi="1" ci="0" mb="0" cb="0"/><line nr="1293" mi="3" ci="0" mb="0" cb="0"/><line nr="1297" mi="3" ci="0" mb="0" cb="0"/><line nr="1298" mi="1" ci="0" mb="0" cb="0"/><line nr="1301" mi="3" ci="0" mb="0" cb="0"/><line nr="1305" mi="3" ci="0" mb="0" cb="0"/><line nr="1306" mi="1" ci="0" mb="0" cb="0"/><line nr="1309" mi="3" ci="0" mb="0" cb="0"/><line nr="1313" mi="3" ci="0" mb="0" cb="0"/><line nr="1314" mi="1" ci="0" mb="0" cb="0"/><line nr="1317" mi="3" ci="0" mb="0" cb="0"/><line nr="1321" mi="3" ci="0" mb="0" cb="0"/><line nr="1322" mi="1" ci="0" mb="0" cb="0"/><line nr="1325" mi="3" ci="0" mb="0" cb="0"/><line nr="1329" mi="3" ci="0" mb="0" cb="0"/><line nr="1330" mi="1" ci="0" mb="0" cb="0"/><line nr="1333" mi="3" ci="0" mb="0" cb="0"/><line nr="1337" mi="3" ci="0" mb="0" cb="0"/><line nr="1338" mi="1" ci="0" mb="0" cb="0"/><line nr="1341" mi="3" ci="0" mb="0" cb="0"/><line nr="1345" mi="3" ci="0" mb="0" cb="0"/><line nr="1346" mi="1" ci="0" mb="0" cb="0"/><line nr="1349" mi="3" ci="0" mb="0" cb="0"/><line nr="1353" mi="3" ci="0" mb="0" cb="0"/><line nr="1354" mi="1" ci="0" mb="0" cb="0"/><line nr="1357" mi="3" ci="0" mb="0" cb="0"/><line nr="1361" mi="3" ci="0" mb="0" cb="0"/><line nr="1362" mi="1" ci="0" mb="0" cb="0"/><line nr="1365" mi="3" ci="0" mb="0" cb="0"/><line nr="1369" mi="3" ci="0" mb="0" cb="0"/><line nr="1370" mi="1" ci="0" mb="0" cb="0"/><line nr="1373" mi="3" ci="0" mb="0" cb="0"/><line nr="1377" mi="3" ci="0" mb="0" cb="0"/><line nr="1378" mi="1" ci="0" mb="0" cb="0"/><line nr="1381" mi="3" ci="0" mb="0" cb="0"/><line nr="1385" mi="3" ci="0" mb="0" cb="0"/><line nr="1386" mi="1" ci="0" mb="0" cb="0"/><line nr="1389" mi="3" ci="0" mb="0" cb="0"/><line nr="1393" mi="3" ci="0" mb="0" cb="0"/><line nr="1394" mi="1" ci="0" mb="0" cb="0"/><line nr="1397" mi="3" ci="0" mb="0" cb="0"/><line nr="1401" mi="3" ci="0" mb="0" cb="0"/><line nr="1402" mi="1" ci="0" mb="0" cb="0"/><line nr="1405" mi="3" ci="0" mb="0" cb="0"/><line nr="1409" mi="3" ci="0" mb="0" cb="0"/><line nr="1410" mi="1" ci="0" mb="0" cb="0"/><line nr="1413" mi="3" ci="0" mb="0" cb="0"/><line nr="1417" mi="3" ci="0" mb="0" cb="0"/><line nr="1418" mi="1" ci="0" mb="0" cb="0"/><line nr="1421" mi="3" ci="0" mb="0" cb="0"/><line nr="1425" mi="3" ci="0" mb="0" cb="0"/><line nr="1426" mi="1" ci="0" mb="0" cb="0"/><line nr="1429" mi="3" ci="0" mb="0" cb="0"/><line nr="1433" mi="3" ci="0" mb="0" cb="0"/><line nr="1434" mi="1" ci="0" mb="0" cb="0"/><line nr="1437" mi="3" ci="0" mb="0" cb="0"/><line nr="1441" mi="3" ci="0" mb="0" cb="0"/><line nr="1442" mi="1" ci="0" mb="0" cb="0"/><line nr="1445" mi="3" ci="0" mb="0" cb="0"/><line nr="1449" mi="3" ci="0" mb="0" cb="0"/><line nr="1450" mi="1" ci="0" mb="0" cb="0"/><line nr="1453" mi="3" ci="0" mb="0" cb="0"/><line nr="1457" mi="3" ci="0" mb="0" cb="0"/><line nr="1458" mi="1" ci="0" mb="0" cb="0"/><line nr="1461" mi="3" ci="0" mb="0" cb="0"/><line nr="1465" mi="3" ci="0" mb="0" cb="0"/><line nr="1466" mi="1" ci="0" mb="0" cb="0"/><line nr="1469" mi="3" ci="0" mb="0" cb="0"/><line nr="1473" mi="3" ci="0" mb="0" cb="0"/><line nr="1474" mi="1" ci="0" mb="0" cb="0"/><line nr="1477" mi="3" ci="0" mb="0" cb="0"/><line nr="1481" mi="3" ci="0" mb="0" cb="0"/><line nr="1482" mi="1" ci="0" mb="0" cb="0"/><line nr="1485" mi="3" ci="0" mb="0" cb="0"/><line nr="1489" mi="3" ci="0" mb="0" cb="0"/><line nr="1490" mi="1" ci="0" mb="0" cb="0"/><line nr="1493" mi="3" ci="0" mb="0" cb="0"/><line nr="1497" mi="3" ci="0" mb="0" cb="0"/><line nr="1498" mi="1" ci="0" mb="0" cb="0"/><line nr="1501" mi="3" ci="0" mb="0" cb="0"/><line nr="1505" mi="3" ci="0" mb="0" cb="0"/><line nr="1506" mi="1" ci="0" mb="0" cb="0"/><line nr="1509" mi="3" ci="0" mb="0" cb="0"/><line nr="1513" mi="3" ci="0" mb="0" cb="0"/><line nr="1514" mi="1" ci="0" mb="0" cb="0"/><line nr="1517" mi="3" ci="0" mb="0" cb="0"/><line nr="1521" mi="3" ci="0" mb="0" cb="0"/><line nr="1522" mi="1" ci="0" mb="0" cb="0"/><line nr="1525" mi="3" ci="0" mb="0" cb="0"/><line nr="1529" mi="3" ci="0" mb="0" cb="0"/><line nr="1530" mi="1" ci="0" mb="0" cb="0"/><line nr="1533" mi="3" ci="0" mb="0" cb="0"/><line nr="1537" mi="3" ci="0" mb="0" cb="0"/><line nr="1538" mi="1" ci="0" mb="0" cb="0"/><line nr="1541" mi="3" ci="0" mb="0" cb="0"/><line nr="1545" mi="3" ci="0" mb="0" cb="0"/><line nr="1546" mi="1" ci="0" mb="0" cb="0"/><line nr="1549" mi="3" ci="0" mb="0" cb="0"/><line nr="1553" mi="3" ci="0" mb="0" cb="0"/><line nr="1554" mi="1" ci="0" mb="0" cb="0"/><line nr="1557" mi="3" ci="0" mb="0" cb="0"/><line nr="1561" mi="3" ci="0" mb="0" cb="0"/><line nr="1562" mi="1" ci="0" mb="0" cb="0"/><line nr="1565" mi="3" ci="0" mb="0" cb="0"/><line nr="1569" mi="3" ci="0" mb="0" cb="0"/><line nr="1570" mi="1" ci="0" mb="0" cb="0"/><line nr="1573" mi="3" ci="0" mb="0" cb="0"/><line nr="1577" mi="3" ci="0" mb="0" cb="0"/><line nr="1578" mi="1" ci="0" mb="0" cb="0"/><line nr="1581" mi="3" ci="0" mb="0" cb="0"/><line nr="1585" mi="3" ci="0" mb="0" cb="0"/><line nr="1586" mi="1" ci="0" mb="0" cb="0"/><line nr="1589" mi="3" ci="0" mb="0" cb="0"/><line nr="1593" mi="3" ci="0" mb="0" cb="0"/><line nr="1594" mi="1" ci="0" mb="0" cb="0"/><line nr="1597" mi="3" ci="0" mb="0" cb="0"/><line nr="1601" mi="3" ci="0" mb="0" cb="0"/><line nr="1602" mi="1" ci="0" mb="0" cb="0"/><line nr="1605" mi="3" ci="0" mb="0" cb="0"/><line nr="1609" mi="3" ci="0" mb="0" cb="0"/><line nr="1610" mi="1" ci="0" mb="0" cb="0"/><line nr="1613" mi="3" ci="0" mb="0" cb="0"/><line nr="1617" mi="3" ci="0" mb="0" cb="0"/><line nr="1618" mi="1" ci="0" mb="0" cb="0"/><line nr="1621" mi="3" ci="0" mb="0" cb="0"/><line nr="1625" mi="3" ci="0" mb="0" cb="0"/><line nr="1626" mi="1" ci="0" mb="0" cb="0"/><line nr="1629" mi="3" ci="0" mb="0" cb="0"/><line nr="1633" mi="3" ci="0" mb="0" cb="0"/><line nr="1634" mi="1" ci="0" mb="0" cb="0"/><line nr="1637" mi="3" ci="0" mb="0" cb="0"/><line nr="1641" mi="3" ci="0" mb="0" cb="0"/><line nr="1642" mi="1" ci="0" mb="0" cb="0"/><line nr="1645" mi="3" ci="0" mb="0" cb="0"/><line nr="1649" mi="3" ci="0" mb="0" cb="0"/><line nr="1650" mi="1" ci="0" mb="0" cb="0"/><line nr="1653" mi="3" ci="0" mb="0" cb="0"/><line nr="1657" mi="3" ci="0" mb="0" cb="0"/><line nr="1658" mi="1" ci="0" mb="0" cb="0"/><line nr="1661" mi="3" ci="0" mb="0" cb="0"/><line nr="1665" mi="3" ci="0" mb="0" cb="0"/><line nr="1666" mi="1" ci="0" mb="0" cb="0"/><line nr="1669" mi="3" ci="0" mb="0" cb="0"/><line nr="1673" mi="3" ci="0" mb="0" cb="0"/><line nr="1674" mi="1" ci="0" mb="0" cb="0"/><line nr="1677" mi="3" ci="0" mb="0" cb="0"/><line nr="1681" mi="3" ci="0" mb="0" cb="0"/><line nr="1682" mi="1" ci="0" mb="0" cb="0"/><line nr="1685" mi="3" ci="0" mb="0" cb="0"/><line nr="1689" mi="3" ci="0" mb="0" cb="0"/><line nr="1690" mi="1" ci="0" mb="0" cb="0"/><counter type="INSTRUCTION" missed="980" covered="3"/><counter type="LINE" missed="420" covered="1"/><counter type="COMPLEXITY" missed="280" covered="1"/><counter type="METHOD" missed="280" covered="1"/><counter type="CLASS" missed="0" covered="1"/></sourcefile><counter type="INSTRUCTION" missed="980" covered="3"/><counter type="LINE" missed="420" covered="1"/><counter type="COMPLEXITY" missed="280" covered="1"/><counter type="METHOD" missed="280" covered="1"/><counter type="CLASS" missed="0" covered="1"/></package><package name="com/personalcapital/searchplans/service"><class name="com/personalcapital/searchplans/service/SearchService" sourcefilename="SearchService.java"/><sourcefile name="SearchService.java"/></package><package name="com/personalcapital/searchplans/api"><class name="com/personalcapital/searchplans/api/SearchApi" sourcefilename="SearchApi.java"/><sourcefile name="SearchApi.java"/></package><counter type="INSTRUCTION" missed="1326" covered="229"/><counter type="BRANCH" missed="32" covered="14"/><counter type="LINE" missed="480" covered="55"/><counter type="COMPLEXITY" missed="316" covered="24"/><counter type="METHOD" missed="298" covered="19"/><counter type="CLASS" missed="3" covered="7"/></report>